{"C:\\Users\\Agustin\\Desktop\\Proyectos\\myhotelflow\\My hotel flow codigo\\backend\\src\\app.controller.ts": {"path":"C:\\Users\\Agustin\\Desktop\\Proyectos\\myhotelflow\\My hotel flow codigo\\backend\\src\\app.controller.ts","statementMap":{"0":{"start":{"line":1,"column":0},"end":{"line":1,"column":49}},"1":{"start":{"line":2,"column":0},"end":{"line":2,"column":43}},"2":{"start":{"line":5,"column":7},"end":{"line":12,"column":null}},"3":{"start":{"line":6,"column":31},"end":{"line":6,"column":43}},"4":{"start":{"line":10,"column":4},"end":{"line":10,"column":38}},"5":{"start":{"line":5,"column":13},"end":{"line":5,"column":26}},"6":{"start":{"line":9,"column":2},"end":{"line":11,"column":null}},"7":{"start":{"line":5,"column":13},"end":{"line":12,"column":null}}},"fnMap":{"0":{"name":"(anonymous_2)","decl":{"start":{"line":6,"column":2},"end":{"line":6,"column":31}},"loc":{"start":{"line":6,"column":53},"end":{"line":6,"column":57}}},"1":{"name":"(anonymous_3)","decl":{"start":{"line":9,"column":2},"end":{"line":9,"column":10}},"loc":{"start":{"line":9,"column":10},"end":{"line":11,"column":3}}}},"branchMap":{"0":{"loc":{"start":{"line":6,"column":43},"end":{"line":6,"column":56}},"type":"cond-expr","locations":[{"start":{"line":6,"column":53},"end":{"line":6,"column":56}},{"start":{"line":6,"column":53},"end":{"line":6,"column":56}}]},"1":{"loc":{"start":{"line":6,"column":43},"end":{"line":6,"column":53}},"type":"binary-expr","locations":[{"start":{"line":6,"column":43},"end":{"line":6,"column":56}},{"start":{"line":6,"column":43},"end":{"line":6,"column":53}}]}},"s":{"0":1,"1":1,"2":1,"3":1,"4":1,"5":1,"6":1,"7":1},"f":{"0":1,"1":1},"b":{"0":[1,0],"1":[1,1]}}
,"C:\\Users\\Agustin\\Desktop\\Proyectos\\myhotelflow\\My hotel flow codigo\\backend\\src\\app.module.ts": {"path":"C:\\Users\\Agustin\\Desktop\\Proyectos\\myhotelflow\\My hotel flow codigo\\backend\\src\\app.module.ts","statementMap":{"0":{"start":{"line":1,"column":0},"end":{"line":1,"column":40}},"1":{"start":{"line":2,"column":0},"end":{"line":2,"column":46}},"2":{"start":{"line":3,"column":0},"end":{"line":3,"column":49}},"3":{"start":{"line":4,"column":0},"end":{"line":4,"column":43}},"4":{"start":{"line":5,"column":0},"end":{"line":5,"column":66}},"5":{"start":{"line":6,"column":0},"end":{"line":6,"column":57}},"6":{"start":{"line":7,"column":0},"end":{"line":7,"column":61}},"7":{"start":{"line":8,"column":0},"end":{"line":8,"column":65}},"8":{"start":{"line":9,"column":0},"end":{"line":9,"column":62}},"9":{"start":{"line":10,"column":0},"end":{"line":10,"column":59}},"10":{"start":{"line":11,"column":0},"end":{"line":11,"column":56}},"11":{"start":{"line":12,"column":0},"end":{"line":12,"column":51}},"12":{"start":{"line":31,"column":7},"end":{"line":31,"column":null}},"13":{"start":{"line":31,"column":13},"end":{"line":31,"column":22}},"14":{"start":{"line":31,"column":13},"end":{"line":31,"column":null}}},"fnMap":{},"branchMap":{},"s":{"0":0,"1":0,"2":0,"3":0,"4":0,"5":0,"6":0,"7":0,"8":0,"9":0,"10":0,"11":0,"12":0,"13":0,"14":0},"f":{},"b":{}}
,"C:\\Users\\Agustin\\Desktop\\Proyectos\\myhotelflow\\My hotel flow codigo\\backend\\src\\app.service.ts": {"path":"C:\\Users\\Agustin\\Desktop\\Proyectos\\myhotelflow\\My hotel flow codigo\\backend\\src\\app.service.ts","statementMap":{"0":{"start":{"line":1,"column":0},"end":{"line":1,"column":44}},"1":{"start":{"line":4,"column":7},"end":{"line":8,"column":null}},"2":{"start":{"line":6,"column":4},"end":{"line":6,"column":26}},"3":{"start":{"line":4,"column":13},"end":{"line":4,"column":23}},"4":{"start":{"line":4,"column":13},"end":{"line":8,"column":null}}},"fnMap":{"0":{"name":"(anonymous_1)","decl":{"start":{"line":5,"column":2},"end":{"line":5,"column":10}},"loc":{"start":{"line":5,"column":10},"end":{"line":7,"column":3}}}},"branchMap":{},"s":{"0":1,"1":1,"2":1,"3":1,"4":1},"f":{"0":1},"b":{}}
,"C:\\Users\\Agustin\\Desktop\\Proyectos\\myhotelflow\\My hotel flow codigo\\backend\\src\\main.ts": {"path":"C:\\Users\\Agustin\\Desktop\\Proyectos\\myhotelflow\\My hotel flow codigo\\backend\\src\\main.ts","statementMap":{"0":{"start":{"line":1,"column":0},"end":{"line":1,"column":43}},"1":{"start":{"line":2,"column":0},"end":{"line":2,"column":48}},"2":{"start":{"line":3,"column":0},"end":{"line":3,"column":65}},"3":{"start":{"line":4,"column":0},"end":{"line":4,"column":28}},"4":{"start":{"line":5,"column":0},"end":{"line":5,"column":41}},"5":{"start":{"line":8,"column":14},"end":{"line":8,"column":49}},"6":{"start":{"line":11,"column":2},"end":{"line":21,"column":6}},"7":{"start":{"line":24,"column":2},"end":{"line":27,"column":5}},"8":{"start":{"line":30,"column":2},"end":{"line":36,"column":4}},"9":{"start":{"line":39,"column":17},"end":{"line":60,"column":12}},"10":{"start":{"line":62,"column":19},"end":{"line":62,"column":60}},"11":{"start":{"line":63,"column":2},"end":{"line":63,"column":49}},"12":{"start":{"line":65,"column":15},"end":{"line":65,"column":39}},"13":{"start":{"line":66,"column":2},"end":{"line":66,"column":25}},"14":{"start":{"line":68,"column":2},"end":{"line":68,"column":72}},"15":{"start":{"line":69,"column":2},"end":{"line":69,"column":77}},"16":{"start":{"line":72,"column":0},"end":{"line":72,"column":12}}},"fnMap":{"0":{"name":"bootstrap","decl":{"start":{"line":7,"column":15},"end":{"line":7,"column":24}},"loc":{"start":{"line":7,"column":24},"end":{"line":70,"column":1}}}},"branchMap":{"0":{"loc":{"start":{"line":25,"column":12},"end":{"line":25,"column":63}},"type":"binary-expr","locations":[{"start":{"line":25,"column":12},"end":{"line":25,"column":36}},{"start":{"line":25,"column":40},"end":{"line":25,"column":63}}]},"1":{"loc":{"start":{"line":65,"column":15},"end":{"line":65,"column":39}},"type":"binary-expr","locations":[{"start":{"line":65,"column":15},"end":{"line":65,"column":31}},{"start":{"line":65,"column":35},"end":{"line":65,"column":39}}]}},"s":{"0":0,"1":0,"2":0,"3":0,"4":0,"5":0,"6":0,"7":0,"8":0,"9":0,"10":0,"11":0,"12":0,"13":0,"14":0,"15":0,"16":0},"f":{"0":0},"b":{"0":[0,0],"1":[0,0]}}
,"C:\\Users\\Agustin\\Desktop\\Proyectos\\myhotelflow\\My hotel flow codigo\\backend\\src\\common\\decorators\\actions.decorator.ts": {"path":"C:\\Users\\Agustin\\Desktop\\Proyectos\\myhotelflow\\My hotel flow codigo\\backend\\src\\common\\decorators\\actions.decorator.ts","statementMap":{"0":{"start":{"line":1,"column":0},"end":{"line":1,"column":45}},"1":{"start":{"line":17,"column":23},"end":{"line":18,"column":33}},"2":{"start":{"line":18,"column":2},"end":{"line":18,"column":33}},"3":{"start":{"line":17,"column":13},"end":{"line":17,"column":23}}},"fnMap":{"0":{"name":"(anonymous_0)","decl":{"start":{"line":17,"column":23},"end":{"line":17,"column":24}},"loc":{"start":{"line":18,"column":2},"end":{"line":18,"column":33}}}},"branchMap":{},"s":{"0":0,"1":0,"2":0,"3":0},"f":{"0":0},"b":{}}
,"C:\\Users\\Agustin\\Desktop\\Proyectos\\myhotelflow\\My hotel flow codigo\\backend\\src\\common\\decorators\\current-user.decorator.ts": {"path":"C:\\Users\\Agustin\\Desktop\\Proyectos\\myhotelflow\\My hotel flow codigo\\backend\\src\\common\\decorators\\current-user.decorator.ts","statementMap":{"0":{"start":{"line":1,"column":0},"end":{"line":1,"column":72}},"1":{"start":{"line":15,"column":13},"end":{"line":20,"column":2}},"2":{"start":{"line":17,"column":20},"end":{"line":17,"column":51}},"3":{"start":{"line":18,"column":4},"end":{"line":18,"column":24}}},"fnMap":{"0":{"name":"(anonymous_0)","decl":{"start":{"line":16,"column":2},"end":{"line":16,"column":3}},"loc":{"start":{"line":16,"column":55},"end":{"line":19,"column":3}}}},"branchMap":{},"s":{"0":0,"1":0,"2":0,"3":0},"f":{"0":0},"b":{}}
,"C:\\Users\\Agustin\\Desktop\\Proyectos\\myhotelflow\\My hotel flow codigo\\backend\\src\\common\\decorators\\index.ts": {"path":"C:\\Users\\Agustin\\Desktop\\Proyectos\\myhotelflow\\My hotel flow codigo\\backend\\src\\common\\decorators\\index.ts","statementMap":{"0":{"start":{"line":1,"column":0},"end":{"line":1,"column":9}},"1":{"start":{"line":1,"column":9},"end":{"line":1,"column":44}},"2":{"start":{"line":2,"column":0},"end":{"line":2,"column":9}},"3":{"start":{"line":2,"column":9},"end":{"line":2,"column":46}},"4":{"start":{"line":3,"column":0},"end":{"line":3,"column":9}},"5":{"start":{"line":3,"column":9},"end":{"line":3,"column":55}}},"fnMap":{"0":{"name":"(anonymous_0)","decl":{"start":{"line":1,"column":9},"end":{"line":1,"column":15}},"loc":{"start":{"line":1,"column":9},"end":{"line":1,"column":44}}},"1":{"name":"(anonymous_1)","decl":{"start":{"line":2,"column":9},"end":{"line":2,"column":16}},"loc":{"start":{"line":2,"column":9},"end":{"line":2,"column":46}}},"2":{"name":"(anonymous_2)","decl":{"start":{"line":3,"column":9},"end":{"line":3,"column":20}},"loc":{"start":{"line":3,"column":9},"end":{"line":3,"column":55}}}},"branchMap":{},"s":{"0":0,"1":0,"2":0,"3":0,"4":0,"5":0},"f":{"0":0,"1":0,"2":0},"b":{}}
,"C:\\Users\\Agustin\\Desktop\\Proyectos\\myhotelflow\\My hotel flow codigo\\backend\\src\\common\\decorators\\public.decorator.ts": {"path":"C:\\Users\\Agustin\\Desktop\\Proyectos\\myhotelflow\\My hotel flow codigo\\backend\\src\\common\\decorators\\public.decorator.ts","statementMap":{"0":{"start":{"line":1,"column":0},"end":{"line":1,"column":45}},"1":{"start":{"line":15,"column":22},"end":{"line":15,"column":57}},"2":{"start":{"line":15,"column":28},"end":{"line":15,"column":57}},"3":{"start":{"line":15,"column":13},"end":{"line":15,"column":22}}},"fnMap":{"0":{"name":"(anonymous_0)","decl":{"start":{"line":15,"column":22},"end":{"line":15,"column":25}},"loc":{"start":{"line":15,"column":28},"end":{"line":15,"column":57}}}},"branchMap":{},"s":{"0":0,"1":0,"2":0,"3":0},"f":{"0":0},"b":{}}
,"C:\\Users\\Agustin\\Desktop\\Proyectos\\myhotelflow\\My hotel flow codigo\\backend\\src\\common\\guards\\actions.guard.ts": {"path":"C:\\Users\\Agustin\\Desktop\\Proyectos\\myhotelflow\\My hotel flow codigo\\backend\\src\\common\\guards\\actions.guard.ts","statementMap":{"0":{"start":{"line":1,"column":0},"end":{"line":1,"column":null}},"1":{"start":{"line":8,"column":0},"end":{"line":8,"column":41}},"2":{"start":{"line":9,"column":0},"end":{"line":9,"column":56}},"3":{"start":{"line":18,"column":25},"end":{"line":74,"column":null}},"4":{"start":{"line":19,"column":28},"end":{"line":19,"column":57}},"5":{"start":{"line":22,"column":12},"end":{"line":22,"column":23}},"6":{"start":{"line":23,"column":12},"end":{"line":23,"column":34}},"7":{"start":{"line":28,"column":28},"end":{"line":30,"column":null}},"8":{"start":{"line":34,"column":4},"end":{"line":36,"column":5}},"9":{"start":{"line":35,"column":6},"end":{"line":35,"column":18}},"10":{"start":{"line":39,"column":21},"end":{"line":42,"column":6}},"11":{"start":{"line":44,"column":4},"end":{"line":46,"column":5}},"12":{"start":{"line":45,"column":6},"end":{"line":45,"column":18}},"13":{"start":{"line":49,"column":20},"end":{"line":49,"column":55}},"14":{"start":{"line":50,"column":29},"end":{"line":50,"column":41}},"15":{"start":{"line":52,"column":4},"end":{"line":55,"column":5}},"16":{"start":{"line":53,"column":6},"end":{"line":53,"column":65}},"17":{"start":{"line":54,"column":6},"end":{"line":54,"column":52}},"18":{"start":{"line":58,"column":26},"end":{"line":60,"column":null}},"19":{"start":{"line":63,"column":4},"end":{"line":70,"column":5}},"20":{"start":{"line":64,"column":6},"end":{"line":66,"column":8}},"21":{"start":{"line":67,"column":6},"end":{"line":69,"column":8}},"22":{"start":{"line":72,"column":4},"end":{"line":72,"column":16}},"23":{"start":{"line":18,"column":13},"end":{"line":18,"column":25}},"24":{"start":{"line":18,"column":13},"end":{"line":74,"column":null}}},"fnMap":{"0":{"name":"(anonymous_2)","decl":{"start":{"line":21,"column":2},"end":{"line":21,"column":null}},"loc":{"start":{"line":23,"column":54},"end":{"line":24,"column":6}}},"1":{"name":"(anonymous_3)","decl":{"start":{"line":26,"column":2},"end":{"line":26,"column":7}},"loc":{"start":{"line":26,"column":45},"end":{"line":73,"column":3}}}},"branchMap":{"0":{"loc":{"start":{"line":34,"column":4},"end":{"line":36,"column":5}},"type":"if","locations":[{"start":{"line":34,"column":4},"end":{"line":36,"column":5}},{"start":{},"end":{}}]},"1":{"loc":{"start":{"line":34,"column":8},"end":{"line":34,"column":56}},"type":"binary-expr","locations":[{"start":{"line":34,"column":8},"end":{"line":34,"column":24}},{"start":{"line":34,"column":28},"end":{"line":34,"column":56}}]},"2":{"loc":{"start":{"line":44,"column":4},"end":{"line":46,"column":5}},"type":"if","locations":[{"start":{"line":44,"column":4},"end":{"line":46,"column":5}},{"start":{},"end":{}}]},"3":{"loc":{"start":{"line":52,"column":4},"end":{"line":55,"column":5}},"type":"if","locations":[{"start":{"line":52,"column":4},"end":{"line":55,"column":5}},{"start":{},"end":{}}]},"4":{"loc":{"start":{"line":63,"column":4},"end":{"line":70,"column":5}},"type":"if","locations":[{"start":{"line":63,"column":4},"end":{"line":70,"column":5}},{"start":{},"end":{}}]},"5":{"loc":{"start":{"line":22,"column":23},"end":{"line":22,"column":null}},"type":"cond-expr","locations":[{"start":{"line":22,"column":32},"end":{"line":22,"column":null}},{"start":{"line":22,"column":32},"end":{"line":22,"column":null}}]},"6":{"loc":{"start":{"line":22,"column":23},"end":{"line":22,"column":32}},"type":"binary-expr","locations":[{"start":{"line":22,"column":23},"end":{"line":22,"column":null}},{"start":{"line":22,"column":23},"end":{"line":22,"column":32}}]},"7":{"loc":{"start":{"line":22,"column":32},"end":{"line":23,"column":null}},"type":"cond-expr","locations":[{"start":{"line":23,"column":54},"end":{"line":23,"column":null}},{"start":{"line":23,"column":54},"end":{"line":23,"column":null}}]},"8":{"loc":{"start":{"line":22,"column":32},"end":{"line":23,"column":54}},"type":"binary-expr","locations":[{"start":{"line":22,"column":32},"end":{"line":23,"column":null}},{"start":{"line":23,"column":34},"end":{"line":23,"column":54}}]}},"s":{"0":0,"1":0,"2":0,"3":0,"4":0,"5":0,"6":0,"7":0,"8":0,"9":0,"10":0,"11":0,"12":0,"13":0,"14":0,"15":0,"16":0,"17":0,"18":0,"19":0,"20":0,"21":0,"22":0,"23":0,"24":0},"f":{"0":0,"1":0},"b":{"0":[0,0],"1":[0,0],"2":[0,0],"3":[0,0],"4":[0,0],"5":[0,0],"6":[0,0],"7":[0,0],"8":[0,0]}}
,"C:\\Users\\Agustin\\Desktop\\Proyectos\\myhotelflow\\My hotel flow codigo\\backend\\src\\common\\guards\\index.ts": {"path":"C:\\Users\\Agustin\\Desktop\\Proyectos\\myhotelflow\\My hotel flow codigo\\backend\\src\\common\\guards\\index.ts","statementMap":{"0":{"start":{"line":1,"column":0},"end":{"line":1,"column":9}},"1":{"start":{"line":1,"column":9},"end":{"line":1,"column":48}},"2":{"start":{"line":2,"column":0},"end":{"line":2,"column":9}},"3":{"start":{"line":2,"column":9},"end":{"line":2,"column":47}}},"fnMap":{"0":{"name":"(anonymous_0)","decl":{"start":{"line":1,"column":9},"end":{"line":1,"column":21}},"loc":{"start":{"line":1,"column":9},"end":{"line":1,"column":48}}},"1":{"name":"(anonymous_1)","decl":{"start":{"line":2,"column":9},"end":{"line":2,"column":21}},"loc":{"start":{"line":2,"column":9},"end":{"line":2,"column":47}}}},"branchMap":{},"s":{"0":0,"1":0,"2":0,"3":0},"f":{"0":0,"1":0},"b":{}}
,"C:\\Users\\Agustin\\Desktop\\Proyectos\\myhotelflow\\My hotel flow codigo\\backend\\src\\common\\guards\\jwt-auth.guard.ts": {"path":"C:\\Users\\Agustin\\Desktop\\Proyectos\\myhotelflow\\My hotel flow codigo\\backend\\src\\common\\guards\\jwt-auth.guard.ts","statementMap":{"0":{"start":{"line":1,"column":0},"end":{"line":1,"column":62}},"1":{"start":{"line":2,"column":0},"end":{"line":2,"column":41}},"2":{"start":{"line":3,"column":0},"end":{"line":3,"column":45}},"3":{"start":{"line":11,"column":7},"end":{"line":29,"column":null}},"4":{"start":{"line":13,"column":4},"end":{"line":13,"column":12}},"5":{"start":{"line":12,"column":22},"end":{"line":12,"column":33}},"6":{"start":{"line":18,"column":21},"end":{"line":21,"column":6}},"7":{"start":{"line":23,"column":4},"end":{"line":25,"column":5}},"8":{"start":{"line":24,"column":6},"end":{"line":24,"column":18}},"9":{"start":{"line":27,"column":4},"end":{"line":27,"column":38}},"10":{"start":{"line":11,"column":13},"end":{"line":11,"column":25}},"11":{"start":{"line":11,"column":13},"end":{"line":29,"column":null}}},"fnMap":{"0":{"name":"(anonymous_2)","decl":{"start":{"line":12,"column":2},"end":{"line":12,"column":22}},"loc":{"start":{"line":12,"column":42},"end":{"line":14,"column":3}}},"1":{"name":"(anonymous_3)","decl":{"start":{"line":16,"column":2},"end":{"line":16,"column":13}},"loc":{"start":{"line":16,"column":39},"end":{"line":28,"column":3}}}},"branchMap":{"0":{"loc":{"start":{"line":23,"column":4},"end":{"line":25,"column":5}},"type":"if","locations":[{"start":{"line":23,"column":4},"end":{"line":25,"column":5}},{"start":{},"end":{}}]},"1":{"loc":{"start":{"line":12,"column":33},"end":{"line":12,"column":null}},"type":"cond-expr","locations":[{"start":{"line":12,"column":42},"end":{"line":12,"column":null}},{"start":{"line":12,"column":42},"end":{"line":12,"column":null}}]},"2":{"loc":{"start":{"line":12,"column":33},"end":{"line":12,"column":42}},"type":"binary-expr","locations":[{"start":{"line":12,"column":33},"end":{"line":12,"column":null}},{"start":{"line":12,"column":33},"end":{"line":12,"column":42}}]}},"s":{"0":0,"1":0,"2":0,"3":0,"4":0,"5":0,"6":0,"7":0,"8":0,"9":0,"10":0,"11":0},"f":{"0":0,"1":0},"b":{"0":[0,0],"1":[0,0],"2":[0,0]}}
,"C:\\Users\\Agustin\\Desktop\\Proyectos\\myhotelflow\\My hotel flow codigo\\backend\\src\\common\\logger\\logger.module.ts": {"path":"C:\\Users\\Agustin\\Desktop\\Proyectos\\myhotelflow\\My hotel flow codigo\\backend\\src\\common\\logger\\logger.module.ts","statementMap":{"0":{"start":{"line":1,"column":0},"end":{"line":1,"column":48}},"1":{"start":{"line":2,"column":0},"end":{"line":2,"column":49}},"2":{"start":{"line":9,"column":7},"end":{"line":9,"column":null}},"3":{"start":{"line":9,"column":13},"end":{"line":9,"column":25}},"4":{"start":{"line":9,"column":13},"end":{"line":9,"column":null}}},"fnMap":{},"branchMap":{},"s":{"0":0,"1":0,"2":0,"3":0,"4":0},"f":{},"b":{}}
,"C:\\Users\\Agustin\\Desktop\\Proyectos\\myhotelflow\\My hotel flow codigo\\backend\\src\\common\\logger\\logger.service.ts": {"path":"C:\\Users\\Agustin\\Desktop\\Proyectos\\myhotelflow\\My hotel flow codigo\\backend\\src\\common\\logger\\logger.service.ts","statementMap":{"0":{"start":{"line":1,"column":0},"end":{"line":1,"column":80}},"1":{"start":{"line":2,"column":0},"end":{"line":2,"column":67}},"2":{"start":{"line":3,"column":0},"end":{"line":3,"column":26}},"3":{"start":{"line":6,"column":7},"end":{"line":143,"column":null}},"4":{"start":{"line":11,"column":4},"end":{"line":11,"column":27}},"5":{"start":{"line":14,"column":25},"end":{"line":27,"column":null}},"6":{"start":{"line":16,"column":20},"end":{"line":16,"column":69}},"7":{"start":{"line":17,"column":19},"end":{"line":17,"column":48}},"8":{"start":{"line":18,"column":31},"end":{"line":18,"column":62}},"9":{"start":{"line":19,"column":25},"end":{"line":19,"column":57}},"10":{"start":{"line":21,"column":22},"end":{"line":21,"column":24}},"11":{"start":{"line":22,"column":8},"end":{"line":24,"column":9}},"12":{"start":{"line":23,"column":10},"end":{"line":23,"column":69}},"13":{"start":{"line":26,"column":8},"end":{"line":26,"column":88}},"14":{"start":{"line":30,"column":4},"end":{"line":59,"column":7}},"15":{"start":{"line":63,"column":4},"end":{"line":76,"column":5}},"16":{"start":{"line":65,"column":8},"end":{"line":65,"column":39}},"17":{"start":{"line":67,"column":8},"end":{"line":67,"column":42}},"18":{"start":{"line":69,"column":8},"end":{"line":69,"column":40}},"19":{"start":{"line":71,"column":8},"end":{"line":71,"column":43}},"20":{"start":{"line":73,"column":8},"end":{"line":73,"column":40}},"21":{"start":{"line":75,"column":8},"end":{"line":75,"column":35}},"22":{"start":{"line":80,"column":4},"end":{"line":80,"column":75}},"23":{"start":{"line":84,"column":4},"end":{"line":88,"column":7}},"24":{"start":{"line":92,"column":4},"end":{"line":92,"column":75}},"25":{"start":{"line":96,"column":4},"end":{"line":96,"column":76}},"26":{"start":{"line":100,"column":4},"end":{"line":100,"column":78}},"27":{"start":{"line":105,"column":4},"end":{"line":105,"column":36}},"28":{"start":{"line":109,"column":4},"end":{"line":109,"column":37}},"29":{"start":{"line":113,"column":4},"end":{"line":113,"column":39}},"30":{"start":{"line":117,"column":4},"end":{"line":117,"column":37}},"31":{"start":{"line":121,"column":4},"end":{"line":121,"column":39}},"32":{"start":{"line":125,"column":4},"end":{"line":125,"column":37}},"33":{"start":{"line":129,"column":4},"end":{"line":129,"column":37}},"34":{"start":{"line":133,"column":4},"end":{"line":133,"column":37}},"35":{"start":{"line":137,"column":4},"end":{"line":137,"column":38}},"36":{"start":{"line":141,"column":4},"end":{"line":141,"column":37}},"37":{"start":{"line":6,"column":13},"end":{"line":6,"column":26}},"38":{"start":{"line":6,"column":13},"end":{"line":143,"column":null}}},"fnMap":{"0":{"name":"(anonymous_3)","decl":{"start":{"line":10,"column":2},"end":{"line":10,"column":14}},"loc":{"start":{"line":10,"column":30},"end":{"line":60,"column":3}}},"1":{"name":"(anonymous_4)","decl":{"start":{"line":15,"column":6},"end":{"line":15,"column":7}},"loc":{"start":{"line":15,"column":65},"end":{"line":27,"column":7}}},"2":{"name":"(anonymous_5)","decl":{"start":{"line":62,"column":10},"end":{"line":62,"column":21}},"loc":{"start":{"line":62,"column":35},"end":{"line":77,"column":3}}},"3":{"name":"(anonymous_6)","decl":{"start":{"line":79,"column":2},"end":{"line":79,"column":5}},"loc":{"start":{"line":79,"column":55},"end":{"line":81,"column":3}}},"4":{"name":"(anonymous_7)","decl":{"start":{"line":83,"column":2},"end":{"line":83,"column":7}},"loc":{"start":{"line":83,"column":70},"end":{"line":89,"column":3}}},"5":{"name":"(anonymous_8)","decl":{"start":{"line":91,"column":2},"end":{"line":91,"column":6}},"loc":{"start":{"line":91,"column":54},"end":{"line":93,"column":3}}},"6":{"name":"(anonymous_9)","decl":{"start":{"line":95,"column":2},"end":{"line":95,"column":7}},"loc":{"start":{"line":95,"column":55},"end":{"line":97,"column":3}}},"7":{"name":"(anonymous_10)","decl":{"start":{"line":99,"column":2},"end":{"line":99,"column":9}},"loc":{"start":{"line":99,"column":57},"end":{"line":101,"column":3}}},"8":{"name":"(anonymous_11)","decl":{"start":{"line":104,"column":2},"end":{"line":104,"column":9}},"loc":{"start":{"line":104,"column":43},"end":{"line":106,"column":3}}},"9":{"name":"(anonymous_12)","decl":{"start":{"line":108,"column":2},"end":{"line":108,"column":7}},"loc":{"start":{"line":108,"column":41},"end":{"line":110,"column":3}}},"10":{"name":"(anonymous_13)","decl":{"start":{"line":112,"column":2},"end":{"line":112,"column":10}},"loc":{"start":{"line":112,"column":44},"end":{"line":114,"column":3}}},"11":{"name":"(anonymous_14)","decl":{"start":{"line":116,"column":2},"end":{"line":116,"column":6}},"loc":{"start":{"line":116,"column":40},"end":{"line":118,"column":3}}},"12":{"name":"(anonymous_15)","decl":{"start":{"line":120,"column":2},"end":{"line":120,"column":10}},"loc":{"start":{"line":120,"column":44},"end":{"line":122,"column":3}}},"13":{"name":"(anonymous_16)","decl":{"start":{"line":124,"column":2},"end":{"line":124,"column":6}},"loc":{"start":{"line":124,"column":40},"end":{"line":126,"column":3}}},"14":{"name":"(anonymous_17)","decl":{"start":{"line":128,"column":2},"end":{"line":128,"column":6}},"loc":{"start":{"line":128,"column":40},"end":{"line":130,"column":3}}},"15":{"name":"(anonymous_18)","decl":{"start":{"line":132,"column":2},"end":{"line":132,"column":6}},"loc":{"start":{"line":132,"column":40},"end":{"line":134,"column":3}}},"16":{"name":"(anonymous_19)","decl":{"start":{"line":136,"column":2},"end":{"line":136,"column":7}},"loc":{"start":{"line":136,"column":41},"end":{"line":138,"column":3}}},"17":{"name":"(anonymous_20)","decl":{"start":{"line":140,"column":2},"end":{"line":140,"column":5}},"loc":{"start":{"line":140,"column":39},"end":{"line":142,"column":3}}}},"branchMap":{"0":{"loc":{"start":{"line":16,"column":20},"end":{"line":16,"column":69}},"type":"cond-expr","locations":[{"start":{"line":16,"column":30},"end":{"line":16,"column":64}},{"start":{"line":16,"column":67},"end":{"line":16,"column":69}}]},"1":{"loc":{"start":{"line":19,"column":25},"end":{"line":19,"column":57}},"type":"cond-expr","locations":[{"start":{"line":19,"column":33},"end":{"line":19,"column":52}},{"start":{"line":19,"column":55},"end":{"line":19,"column":57}}]},"2":{"loc":{"start":{"line":22,"column":8},"end":{"line":24,"column":9}},"type":"if","locations":[{"start":{"line":22,"column":8},"end":{"line":24,"column":9}},{"start":{},"end":{}}]},"3":{"loc":{"start":{"line":31,"column":13},"end":{"line":31,"column":44}},"type":"binary-expr","locations":[{"start":{"line":31,"column":13},"end":{"line":31,"column":34}},{"start":{"line":31,"column":38},"end":{"line":31,"column":44}}]},"4":{"loc":{"start":{"line":45,"column":12},"end":{"line":57,"column":14}},"type":"cond-expr","locations":[{"start":{"line":46,"column":12},"end":{"line":56,"column":null}},{"start":{"line":57,"column":12},"end":{"line":57,"column":14}}]},"5":{"loc":{"start":{"line":63,"column":4},"end":{"line":76,"column":5}},"type":"switch","locations":[{"start":{"line":64,"column":6},"end":{"line":65,"column":39}},{"start":{"line":66,"column":6},"end":{"line":67,"column":42}},{"start":{"line":68,"column":6},"end":{"line":69,"column":40}},{"start":{"line":70,"column":6},"end":{"line":71,"column":43}},{"start":{"line":72,"column":6},"end":{"line":73,"column":40}},{"start":{"line":74,"column":6},"end":{"line":75,"column":35}}]},"6":{"loc":{"start":{"line":80,"column":41},"end":{"line":80,"column":64}},"type":"binary-expr","locations":[{"start":{"line":80,"column":41},"end":{"line":80,"column":48}},{"start":{"line":80,"column":52},"end":{"line":80,"column":64}}]},"7":{"loc":{"start":{"line":83,"column":59},"end":{"line":83,"column":70}},"type":"default-arg","locations":[{"start":{"line":83,"column":67},"end":{"line":83,"column":70}}]},"8":{"loc":{"start":{"line":85,"column":15},"end":{"line":85,"column":38}},"type":"binary-expr","locations":[{"start":{"line":85,"column":15},"end":{"line":85,"column":22}},{"start":{"line":85,"column":26},"end":{"line":85,"column":38}}]},"9":{"loc":{"start":{"line":91,"column":42},"end":{"line":91,"column":54}},"type":"default-arg","locations":[{"start":{"line":91,"column":50},"end":{"line":91,"column":54}}]},"10":{"loc":{"start":{"line":92,"column":41},"end":{"line":92,"column":64}},"type":"binary-expr","locations":[{"start":{"line":92,"column":41},"end":{"line":92,"column":48}},{"start":{"line":92,"column":52},"end":{"line":92,"column":64}}]},"11":{"loc":{"start":{"line":95,"column":43},"end":{"line":95,"column":55}},"type":"default-arg","locations":[{"start":{"line":95,"column":51},"end":{"line":95,"column":55}}]},"12":{"loc":{"start":{"line":96,"column":42},"end":{"line":96,"column":65}},"type":"binary-expr","locations":[{"start":{"line":96,"column":42},"end":{"line":96,"column":49}},{"start":{"line":96,"column":53},"end":{"line":96,"column":65}}]},"13":{"loc":{"start":{"line":99,"column":45},"end":{"line":99,"column":57}},"type":"default-arg","locations":[{"start":{"line":99,"column":53},"end":{"line":99,"column":57}}]},"14":{"loc":{"start":{"line":100,"column":44},"end":{"line":100,"column":67}},"type":"binary-expr","locations":[{"start":{"line":100,"column":44},"end":{"line":100,"column":51}},{"start":{"line":100,"column":55},"end":{"line":100,"column":67}}]}},"s":{"0":0,"1":0,"2":0,"3":0,"4":0,"5":0,"6":0,"7":0,"8":0,"9":0,"10":0,"11":0,"12":0,"13":0,"14":0,"15":0,"16":0,"17":0,"18":0,"19":0,"20":0,"21":0,"22":0,"23":0,"24":0,"25":0,"26":0,"27":0,"28":0,"29":0,"30":0,"31":0,"32":0,"33":0,"34":0,"35":0,"36":0,"37":0,"38":0},"f":{"0":0,"1":0,"2":0,"3":0,"4":0,"5":0,"6":0,"7":0,"8":0,"9":0,"10":0,"11":0,"12":0,"13":0,"14":0,"15":0,"16":0,"17":0},"b":{"0":[0,0],"1":[0,0],"2":[0,0],"3":[0,0],"4":[0,0],"5":[0,0,0,0,0,0],"6":[0,0],"7":[0],"8":[0,0],"9":[0],"10":[0,0],"11":[0],"12":[0,0],"13":[0],"14":[0,0]}}
,"C:\\Users\\Agustin\\Desktop\\Proyectos\\myhotelflow\\My hotel flow codigo\\backend\\src\\common\\services\\authorization.service.ts": {"path":"C:\\Users\\Agustin\\Desktop\\Proyectos\\myhotelflow\\My hotel flow codigo\\backend\\src\\common\\services\\authorization.service.ts","statementMap":{"0":{"start":{"line":1,"column":0},"end":{"line":1,"column":60}},"1":{"start":{"line":2,"column":0},"end":{"line":2,"column":51}},"2":{"start":{"line":3,"column":0},"end":{"line":3,"column":37}},"3":{"start":{"line":4,"column":0},"end":{"line":4,"column":54}},"4":{"start":{"line":6,"column":0},"end":{"line":6,"column":81}},"5":{"start":{"line":14,"column":33},"end":{"line":189,"column":null}},"6":{"start":{"line":15,"column":28},"end":{"line":15,"column":65}},"7":{"start":{"line":16,"column":31},"end":{"line":16,"column":34}},"8":{"start":{"line":20,"column":12},"end":{"line":20,"column":22}},"9":{"start":{"line":22,"column":12},"end":{"line":22,"column":23}},"10":{"start":{"line":24,"column":12},"end":{"line":24,"column":31}},"11":{"start":{"line":36,"column":21},"end":{"line":36,"column":49}},"12":{"start":{"line":39,"column":19},"end":{"line":39,"column":66}},"13":{"start":{"line":40,"column":4},"end":{"line":43,"column":5}},"14":{"start":{"line":41,"column":6},"end":{"line":41,"column":68}},"15":{"start":{"line":42,"column":6},"end":{"line":42,"column":29}},"16":{"start":{"line":45,"column":4},"end":{"line":45,"column":67}},"17":{"start":{"line":48,"column":17},"end":{"line":51,"column":6}},"18":{"start":{"line":53,"column":4},"end":{"line":55,"column":5}},"19":{"start":{"line":54,"column":6},"end":{"line":54,"column":23}},"20":{"start":{"line":57,"column":29},"end":{"line":57,"column":46}},"21":{"start":{"line":60,"column":4},"end":{"line":62,"column":5}},"22":{"start":{"line":61,"column":6},"end":{"line":61,"column":39}},"23":{"start":{"line":65,"column":20},"end":{"line":65,"column":37}},"24":{"start":{"line":66,"column":4},"end":{"line":68,"column":5}},"25":{"start":{"line":67,"column":6},"end":{"line":67,"column":74}},"26":{"start":{"line":71,"column":25},"end":{"line":71,"column":53}},"27":{"start":{"line":72,"column":4},"end":{"line":72,"column":72}},"28":{"start":{"line":74,"column":4},"end":{"line":76,"column":6}},"29":{"start":{"line":78,"column":4},"end":{"line":78,"column":28}},"30":{"start":{"line":89,"column":20},"end":{"line":89,"column":58}},"31":{"start":{"line":90,"column":4},"end":{"line":90,"column":34}},"32":{"start":{"line":101,"column":20},"end":{"line":101,"column":58}},"33":{"start":{"line":103,"column":4},"end":{"line":110,"column":5}},"34":{"start":{"line":104,"column":6},"end":{"line":109,"column":7}},"35":{"start":{"line":105,"column":8},"end":{"line":107,"column":10}},"36":{"start":{"line":108,"column":8},"end":{"line":108,"column":21}},"37":{"start":{"line":112,"column":4},"end":{"line":112,"column":16}},"38":{"start":{"line":123,"column":20},"end":{"line":123,"column":58}},"39":{"start":{"line":125,"column":4},"end":{"line":129,"column":5}},"40":{"start":{"line":126,"column":6},"end":{"line":128,"column":7}},"41":{"start":{"line":127,"column":8},"end":{"line":127,"column":20}},"42":{"start":{"line":131,"column":4},"end":{"line":131,"column":17}},"43":{"start":{"line":141,"column":21},"end":{"line":141,"column":49}},"44":{"start":{"line":142,"column":4},"end":{"line":142,"column":42}},"45":{"start":{"line":143,"column":4},"end":{"line":143,"column":72}},"46":{"start":{"line":161,"column":4},"end":{"line":163,"column":5}},"47":{"start":{"line":162,"column":6},"end":{"line":162,"column":13}},"48":{"start":{"line":165,"column":4},"end":{"line":165,"column":25}},"49":{"start":{"line":168,"column":18},"end":{"line":171,"column":6}},"50":{"start":{"line":173,"column":4},"end":{"line":175,"column":5}},"51":{"start":{"line":174,"column":6},"end":{"line":174,"column":13}},"52":{"start":{"line":178,"column":4},"end":{"line":180,"column":5}},"53":{"start":{"line":179,"column":6},"end":{"line":179,"column":39}},"54":{"start":{"line":183,"column":4},"end":{"line":187,"column":5}},"55":{"start":{"line":184,"column":6},"end":{"line":186,"column":7}},"56":{"start":{"line":185,"column":8},"end":{"line":185,"column":76}},"57":{"start":{"line":14,"column":13},"end":{"line":14,"column":33}},"58":{"start":{"line":14,"column":13},"end":{"line":189,"column":null}}},"fnMap":{"0":{"name":"(anonymous_4)","decl":{"start":{"line":18,"column":2},"end":{"line":18,"column":null}},"loc":{"start":{"line":24,"column":31},"end":{"line":25,"column":6}}},"1":{"name":"(anonymous_5)","decl":{"start":{"line":35,"column":2},"end":{"line":35,"column":7}},"loc":{"start":{"line":35,"column":42},"end":{"line":79,"column":3}}},"2":{"name":"(anonymous_6)","decl":{"start":{"line":88,"column":2},"end":{"line":88,"column":7}},"loc":{"start":{"line":88,"column":51},"end":{"line":91,"column":3}}},"3":{"name":"(anonymous_7)","decl":{"start":{"line":100,"column":2},"end":{"line":100,"column":7}},"loc":{"start":{"line":100,"column":58},"end":{"line":113,"column":3}}},"4":{"name":"(anonymous_8)","decl":{"start":{"line":122,"column":2},"end":{"line":122,"column":7}},"loc":{"start":{"line":122,"column":57},"end":{"line":132,"column":3}}},"5":{"name":"(anonymous_9)","decl":{"start":{"line":140,"column":2},"end":{"line":140,"column":7}},"loc":{"start":{"line":140,"column":38},"end":{"line":144,"column":3}}},"6":{"name":"(anonymous_10)","decl":{"start":{"line":155,"column":10},"end":{"line":155,"column":15}},"loc":{"start":{"line":158,"column":24},"end":{"line":188,"column":3}}}},"branchMap":{"0":{"loc":{"start":{"line":40,"column":4},"end":{"line":43,"column":5}},"type":"if","locations":[{"start":{"line":40,"column":4},"end":{"line":43,"column":5}},{"start":{},"end":{}}]},"1":{"loc":{"start":{"line":53,"column":4},"end":{"line":55,"column":5}},"type":"if","locations":[{"start":{"line":53,"column":4},"end":{"line":55,"column":5}},{"start":{},"end":{}}]},"2":{"loc":{"start":{"line":104,"column":6},"end":{"line":109,"column":7}},"type":"if","locations":[{"start":{"line":104,"column":6},"end":{"line":109,"column":7}},{"start":{},"end":{}}]},"3":{"loc":{"start":{"line":126,"column":6},"end":{"line":128,"column":7}},"type":"if","locations":[{"start":{"line":126,"column":6},"end":{"line":128,"column":7}},{"start":{},"end":{}}]},"4":{"loc":{"start":{"line":161,"column":4},"end":{"line":163,"column":5}},"type":"if","locations":[{"start":{"line":161,"column":4},"end":{"line":163,"column":5}},{"start":{},"end":{}}]},"5":{"loc":{"start":{"line":173,"column":4},"end":{"line":175,"column":5}},"type":"if","locations":[{"start":{"line":173,"column":4},"end":{"line":175,"column":5}},{"start":{},"end":{}}]},"6":{"loc":{"start":{"line":183,"column":4},"end":{"line":187,"column":5}},"type":"if","locations":[{"start":{"line":183,"column":4},"end":{"line":187,"column":5}},{"start":{},"end":{}}]},"7":{"loc":{"start":{"line":20,"column":22},"end":{"line":20,"column":44}},"type":"cond-expr","locations":[{"start":{"line":20,"column":32},"end":{"line":20,"column":44}},{"start":{"line":20,"column":32},"end":{"line":20,"column":44}}]},"8":{"loc":{"start":{"line":20,"column":22},"end":{"line":20,"column":32}},"type":"binary-expr","locations":[{"start":{"line":20,"column":22},"end":{"line":20,"column":44}},{"start":{"line":20,"column":22},"end":{"line":20,"column":32}}]},"9":{"loc":{"start":{"line":20,"column":32},"end":{"line":22,"column":46}},"type":"cond-expr","locations":[{"start":{"line":22,"column":33},"end":{"line":22,"column":46}},{"start":{"line":22,"column":33},"end":{"line":22,"column":46}}]},"10":{"loc":{"start":{"line":20,"column":32},"end":{"line":22,"column":33}},"type":"binary-expr","locations":[{"start":{"line":20,"column":32},"end":{"line":22,"column":46}},{"start":{"line":22,"column":23},"end":{"line":22,"column":33}}]}},"s":{"0":1,"1":1,"2":1,"3":1,"4":1,"5":1,"6":15,"7":15,"8":15,"9":15,"10":15,"11":14,"12":14,"13":14,"14":2,"15":2,"16":12,"17":12,"18":12,"19":0,"20":12,"21":12,"22":9,"23":12,"24":12,"25":17,"26":12,"27":12,"28":12,"29":12,"30":0,"31":0,"32":0,"33":0,"34":0,"35":0,"36":0,"37":0,"38":0,"39":0,"40":0,"41":0,"42":0,"43":2,"44":2,"45":2,"46":28,"47":0,"48":28,"49":28,"50":28,"51":0,"52":28,"53":35,"54":28,"55":28,"56":11,"57":1,"58":1},"f":{"0":15,"1":14,"2":0,"3":0,"4":0,"5":2,"6":28},"b":{"0":[2,12],"1":[0,12],"2":[0,0],"3":[0,0],"4":[0,28],"5":[0,28],"6":[28,0],"7":[1,0],"8":[1,1],"9":[1,0],"10":[1,1]}}
,"C:\\Users\\Agustin\\Desktop\\Proyectos\\myhotelflow\\My hotel flow codigo\\backend\\src\\common\\services\\hash.service.ts": {"path":"C:\\Users\\Agustin\\Desktop\\Proyectos\\myhotelflow\\My hotel flow codigo\\backend\\src\\common\\services\\hash.service.ts","statementMap":{"0":{"start":{"line":1,"column":0},"end":{"line":1,"column":44}},"1":{"start":{"line":2,"column":0},"end":{"line":2,"column":47}},"2":{"start":{"line":3,"column":0},"end":{"line":3,"column":33}},"3":{"start":{"line":11,"column":7},"end":{"line":54,"column":null}},"4":{"start":{"line":14,"column":22},"end":{"line":14,"column":30}},"5":{"start":{"line":15,"column":4},"end":{"line":20,"column":6}},"6":{"start":{"line":29,"column":4},"end":{"line":29,"column":53}},"7":{"start":{"line":39,"column":4},"end":{"line":43,"column":5}},"8":{"start":{"line":40,"column":6},"end":{"line":40,"column":63}},"9":{"start":{"line":42,"column":6},"end":{"line":42,"column":19}},"10":{"start":{"line":52,"column":4},"end":{"line":52,"column":50}},"11":{"start":{"line":11,"column":13},"end":{"line":11,"column":24}},"12":{"start":{"line":11,"column":13},"end":{"line":54,"column":null}}},"fnMap":{"0":{"name":"(anonymous_11)","decl":{"start":{"line":14,"column":2},"end":{"line":14,"column":22}},"loc":{"start":{"line":14,"column":43},"end":{"line":21,"column":3}}},"1":{"name":"(anonymous_12)","decl":{"start":{"line":28,"column":2},"end":{"line":28,"column":7}},"loc":{"start":{"line":28,"column":29},"end":{"line":30,"column":3}}},"2":{"name":"(anonymous_13)","decl":{"start":{"line":38,"column":2},"end":{"line":38,"column":7}},"loc":{"start":{"line":38,"column":45},"end":{"line":44,"column":3}}},"3":{"name":"(anonymous_14)","decl":{"start":{"line":51,"column":2},"end":{"line":51,"column":13}},"loc":{"start":{"line":51,"column":26},"end":{"line":53,"column":3}}}},"branchMap":{"0":{"loc":{"start":{"line":14,"column":30},"end":{"line":14,"column":null}},"type":"cond-expr","locations":[{"start":{"line":14,"column":43},"end":{"line":14,"column":null}},{"start":{"line":14,"column":43},"end":{"line":14,"column":null}}]},"1":{"loc":{"start":{"line":14,"column":30},"end":{"line":14,"column":43}},"type":"binary-expr","locations":[{"start":{"line":14,"column":30},"end":{"line":14,"column":null}},{"start":{"line":14,"column":30},"end":{"line":14,"column":43}}]}},"s":{"0":1,"1":1,"2":1,"3":1,"4":12,"5":12,"6":12,"7":26,"8":26,"9":1,"10":0,"11":1,"12":1},"f":{"0":12,"1":12,"2":26,"3":0},"b":{"0":[1,0],"1":[1,1]}}
,"C:\\Users\\Agustin\\Desktop\\Proyectos\\myhotelflow\\My hotel flow codigo\\backend\\src\\common\\services\\index.ts": {"path":"C:\\Users\\Agustin\\Desktop\\Proyectos\\myhotelflow\\My hotel flow codigo\\backend\\src\\common\\services\\index.ts","statementMap":{"0":{"start":{"line":5,"column":0},"end":{"line":5,"column":31}},"1":{"start":{"line":6,"column":0},"end":{"line":6,"column":32}},"2":{"start":{"line":7,"column":0},"end":{"line":7,"column":40}}},"fnMap":{},"branchMap":{},"s":{"0":0,"1":0,"2":0},"f":{},"b":{}}
,"C:\\Users\\Agustin\\Desktop\\Proyectos\\myhotelflow\\My hotel flow codigo\\backend\\src\\common\\services\\token.service.ts": {"path":"C:\\Users\\Agustin\\Desktop\\Proyectos\\myhotelflow\\My hotel flow codigo\\backend\\src\\common\\services\\token.service.ts","statementMap":{"0":{"start":{"line":1,"column":0},"end":{"line":1,"column":67}},"1":{"start":{"line":2,"column":0},"end":{"line":2,"column":47}},"2":{"start":{"line":3,"column":0},"end":{"line":3,"column":41}},"3":{"start":{"line":4,"column":0},"end":{"line":4,"column":51}},"4":{"start":{"line":5,"column":0},"end":{"line":5,"column":37}},"5":{"start":{"line":6,"column":0},"end":{"line":6,"column":62}},"6":{"start":{"line":7,"column":0},"end":{"line":7,"column":36}},"7":{"start":{"line":37,"column":7},"end":{"line":207,"column":null}},"8":{"start":{"line":39,"column":12},"end":{"line":39,"column":24}},"9":{"start":{"line":40,"column":12},"end":{"line":40,"column":20}},"10":{"start":{"line":42,"column":12},"end":{"line":42,"column":30}},"11":{"start":{"line":53,"column":22},"end":{"line":53,"column":30}},"12":{"start":{"line":54,"column":23},"end":{"line":54,"column":31}},"13":{"start":{"line":56,"column":26},"end":{"line":62,"column":6}},"14":{"start":{"line":64,"column":27},"end":{"line":70,"column":6}},"15":{"start":{"line":73,"column":6},"end":{"line":73,"column":62}},"16":{"start":{"line":75,"column":6},"end":{"line":75,"column":62}},"17":{"start":{"line":77,"column":24},"end":{"line":79,"column":6}},"18":{"start":{"line":81,"column":25},"end":{"line":83,"column":6}},"19":{"start":{"line":86,"column":22},"end":{"line":86,"column":69}},"20":{"start":{"line":88,"column":4},"end":{"line":92,"column":6}},"21":{"start":{"line":103,"column":4},"end":{"line":117,"column":5}},"22":{"start":{"line":104,"column":22},"end":{"line":104,"column":63}},"23":{"start":{"line":107,"column":6},"end":{"line":109,"column":7}},"24":{"start":{"line":108,"column":8},"end":{"line":108,"column":66}},"25":{"start":{"line":111,"column":6},"end":{"line":111,"column":21}},"26":{"start":{"line":113,"column":6},"end":{"line":115,"column":7}},"27":{"start":{"line":114,"column":8},"end":{"line":114,"column":20}},"28":{"start":{"line":116,"column":6},"end":{"line":116,"column":66}},"29":{"start":{"line":136,"column":23},"end":{"line":136,"column":60}},"30":{"start":{"line":137,"column":22},"end":{"line":137,"column":62}},"31":{"start":{"line":139,"column":25},"end":{"line":146,"column":6}},"32":{"start":{"line":148,"column":4},"end":{"line":148,"column":51}},"33":{"start":{"line":157,"column":20},"end":{"line":159,"column":6}},"34":{"start":{"line":161,"column":4},"end":{"line":161,"column":28}},"35":{"start":{"line":169,"column":19},"end":{"line":173,"column":16}},"36":{"start":{"line":175,"column":4},"end":{"line":175,"column":32}},"37":{"start":{"line":183,"column":18},"end":{"line":183,"column":51}},"38":{"start":{"line":184,"column":17},"end":{"line":184,"column":37}},"39":{"start":{"line":186,"column":4},"end":{"line":197,"column":5}},"40":{"start":{"line":188,"column":8},"end":{"line":188,"column":21}},"41":{"start":{"line":190,"column":8},"end":{"line":190,"column":26}},"42":{"start":{"line":192,"column":8},"end":{"line":192,"column":28}},"43":{"start":{"line":194,"column":8},"end":{"line":194,"column":29}},"44":{"start":{"line":196,"column":8},"end":{"line":196,"column":19}},"45":{"start":{"line":204,"column":20},"end":{"line":204,"column":61}},"46":{"start":{"line":205,"column":4},"end":{"line":205,"column":49}},"47":{"start":{"line":37,"column":13},"end":{"line":37,"column":25}},"48":{"start":{"line":37,"column":13},"end":{"line":207,"column":null}}},"fnMap":{"0":{"name":"(anonymous_4)","decl":{"start":{"line":38,"column":2},"end":{"line":38,"column":null}},"loc":{"start":{"line":42,"column":60},"end":{"line":43,"column":6}}},"1":{"name":"(anonymous_5)","decl":{"start":{"line":52,"column":2},"end":{"line":52,"column":19}},"loc":{"start":{"line":52,"column":67},"end":{"line":93,"column":3}}},"2":{"name":"(anonymous_6)","decl":{"start":{"line":102,"column":2},"end":{"line":102,"column":7}},"loc":{"start":{"line":102,"column":70},"end":{"line":118,"column":3}}},"3":{"name":"(anonymous_7)","decl":{"start":{"line":128,"column":2},"end":{"line":128,"column":7}},"loc":{"start":{"line":133,"column":15},"end":{"line":149,"column":3}}},"4":{"name":"(anonymous_8)","decl":{"start":{"line":156,"column":2},"end":{"line":156,"column":7}},"loc":{"start":{"line":156,"column":29},"end":{"line":162,"column":3}}},"5":{"name":"(anonymous_9)","decl":{"start":{"line":168,"column":2},"end":{"line":168,"column":7}},"loc":{"start":{"line":168,"column":26},"end":{"line":176,"column":3}}},"6":{"name":"(anonymous_10)","decl":{"start":{"line":182,"column":10},"end":{"line":182,"column":34}},"loc":{"start":{"line":182,"column":53},"end":{"line":198,"column":3}}},"7":{"name":"(anonymous_11)","decl":{"start":{"line":203,"column":10},"end":{"line":203,"column":33}},"loc":{"start":{"line":203,"column":52},"end":{"line":206,"column":3}}}},"branchMap":{"0":{"loc":{"start":{"line":73,"column":6},"end":{"line":73,"column":62}},"type":"binary-expr","locations":[{"start":{"line":73,"column":6},"end":{"line":73,"column":53}},{"start":{"line":73,"column":57},"end":{"line":73,"column":62}}]},"1":{"loc":{"start":{"line":75,"column":6},"end":{"line":75,"column":62}},"type":"binary-expr","locations":[{"start":{"line":75,"column":6},"end":{"line":75,"column":54}},{"start":{"line":75,"column":58},"end":{"line":75,"column":62}}]},"2":{"loc":{"start":{"line":107,"column":6},"end":{"line":109,"column":7}},"type":"if","locations":[{"start":{"line":107,"column":6},"end":{"line":109,"column":7}},{"start":{},"end":{}}]},"3":{"loc":{"start":{"line":113,"column":6},"end":{"line":115,"column":7}},"type":"if","locations":[{"start":{"line":113,"column":6},"end":{"line":115,"column":7}},{"start":{},"end":{}}]},"4":{"loc":{"start":{"line":136,"column":23},"end":{"line":136,"column":60}},"type":"cond-expr","locations":[{"start":{"line":136,"column":48},"end":{"line":136,"column":53}},{"start":{"line":136,"column":56},"end":{"line":136,"column":60}}]},"5":{"loc":{"start":{"line":175,"column":11},"end":{"line":175,"column":31}},"type":"binary-expr","locations":[{"start":{"line":175,"column":11},"end":{"line":175,"column":26}},{"start":{"line":175,"column":30},"end":{"line":175,"column":31}}]},"6":{"loc":{"start":{"line":186,"column":4},"end":{"line":197,"column":5}},"type":"switch","locations":[{"start":{"line":187,"column":6},"end":{"line":188,"column":21}},{"start":{"line":189,"column":6},"end":{"line":190,"column":26}},{"start":{"line":191,"column":6},"end":{"line":192,"column":28}},{"start":{"line":193,"column":6},"end":{"line":194,"column":29}},{"start":{"line":195,"column":6},"end":{"line":196,"column":19}}]},"7":{"loc":{"start":{"line":39,"column":24},"end":{"line":39,"column":null}},"type":"cond-expr","locations":[{"start":{"line":39,"column":34},"end":{"line":39,"column":null}},{"start":{"line":39,"column":34},"end":{"line":39,"column":null}}]},"8":{"loc":{"start":{"line":39,"column":24},"end":{"line":39,"column":34}},"type":"binary-expr","locations":[{"start":{"line":39,"column":24},"end":{"line":39,"column":null}},{"start":{"line":39,"column":24},"end":{"line":39,"column":34}}]},"9":{"loc":{"start":{"line":39,"column":34},"end":{"line":40,"column":null}},"type":"cond-expr","locations":[{"start":{"line":40,"column":33},"end":{"line":40,"column":null}},{"start":{"line":40,"column":33},"end":{"line":40,"column":null}}]},"10":{"loc":{"start":{"line":39,"column":34},"end":{"line":40,"column":33}},"type":"binary-expr","locations":[{"start":{"line":39,"column":34},"end":{"line":40,"column":null}},{"start":{"line":40,"column":20},"end":{"line":40,"column":33}}]},"11":{"loc":{"start":{"line":40,"column":33},"end":{"line":42,"column":60}},"type":"cond-expr","locations":[{"start":{"line":42,"column":40},"end":{"line":42,"column":60}},{"start":{"line":42,"column":40},"end":{"line":42,"column":60}}]},"12":{"loc":{"start":{"line":40,"column":33},"end":{"line":42,"column":40}},"type":"binary-expr","locations":[{"start":{"line":40,"column":33},"end":{"line":42,"column":60}},{"start":{"line":42,"column":30},"end":{"line":42,"column":40}}]}},"s":{"0":1,"1":1,"2":1,"3":1,"4":1,"5":1,"6":1,"7":1,"8":16,"9":16,"10":16,"11":11,"12":11,"13":11,"14":11,"15":11,"16":11,"17":11,"18":11,"19":11,"20":11,"21":13,"22":13,"23":11,"24":1,"25":10,"26":3,"27":1,"28":2,"29":1,"30":1,"31":1,"32":1,"33":13,"34":13,"35":0,"36":0,"37":12,"38":12,"39":12,"40":0,"41":12,"42":0,"43":0,"44":0,"45":1,"46":1,"47":1,"48":1},"f":{"0":16,"1":11,"2":13,"3":1,"4":13,"5":0,"6":12,"7":1},"b":{"0":[11,0],"1":[11,0],"2":[1,10],"3":[1,2],"4":[1,0],"5":[0,0],"6":[0,12,0,0,0],"7":[1,0],"8":[1,1],"9":[1,0],"10":[1,1],"11":[1,0],"12":[1,1]}}
,"C:\\Users\\Agustin\\Desktop\\Proyectos\\myhotelflow\\My hotel flow codigo\\backend\\src\\config\\configuration.ts": {"path":"C:\\Users\\Agustin\\Desktop\\Proyectos\\myhotelflow\\My hotel flow codigo\\backend\\src\\config\\configuration.ts","statementMap":{"0":{"start":{"line":6,"column":0},"end":{"line":57,"column":3}},"1":{"start":{"line":6,"column":22},"end":{"line":57,"column":2}}},"fnMap":{"0":{"name":"(anonymous_0)","decl":{"start":{"line":6,"column":15},"end":{"line":6,"column":18}},"loc":{"start":{"line":6,"column":22},"end":{"line":57,"column":2}}}},"branchMap":{"0":{"loc":{"start":{"line":9,"column":10},"end":{"line":9,"column":44}},"type":"binary-expr","locations":[{"start":{"line":9,"column":10},"end":{"line":9,"column":29}},{"start":{"line":9,"column":33},"end":{"line":9,"column":44}}]},"1":{"loc":{"start":{"line":10,"column":19},"end":{"line":10,"column":48}},"type":"binary-expr","locations":[{"start":{"line":10,"column":19},"end":{"line":10,"column":38}},{"start":{"line":10,"column":42},"end":{"line":10,"column":48}}]},"2":{"loc":{"start":{"line":11,"column":14},"end":{"line":11,"column":51}},"type":"binary-expr","locations":[{"start":{"line":11,"column":14},"end":{"line":11,"column":37}},{"start":{"line":11,"column":41},"end":{"line":11,"column":51}}]},"3":{"loc":{"start":{"line":12,"column":14},"end":{"line":12,"column":51}},"type":"binary-expr","locations":[{"start":{"line":12,"column":14},"end":{"line":12,"column":37}},{"start":{"line":12,"column":41},"end":{"line":12,"column":51}}]},"4":{"loc":{"start":{"line":13,"column":14},"end":{"line":13,"column":54}},"type":"binary-expr","locations":[{"start":{"line":13,"column":14},"end":{"line":13,"column":37}},{"start":{"line":13,"column":41},"end":{"line":13,"column":54}}]},"5":{"loc":{"start":{"line":14,"column":17},"end":{"line":14,"column":63}},"type":"binary-expr","locations":[{"start":{"line":14,"column":17},"end":{"line":14,"column":54}},{"start":{"line":14,"column":58},"end":{"line":14,"column":63}}]},"6":{"loc":{"start":{"line":15,"column":13},"end":{"line":15,"column":55}},"type":"binary-expr","locations":[{"start":{"line":15,"column":13},"end":{"line":15,"column":46}},{"start":{"line":15,"column":50},"end":{"line":15,"column":55}}]},"7":{"loc":{"start":{"line":19,"column":12},"end":{"line":19,"column":72}},"type":"binary-expr","locations":[{"start":{"line":19,"column":12},"end":{"line":19,"column":34}},{"start":{"line":19,"column":38},"end":{"line":19,"column":72}}]},"8":{"loc":{"start":{"line":20,"column":22},"end":{"line":20,"column":64}},"type":"binary-expr","locations":[{"start":{"line":20,"column":22},"end":{"line":20,"column":55}},{"start":{"line":20,"column":59},"end":{"line":20,"column":64}}]},"9":{"loc":{"start":{"line":21,"column":23},"end":{"line":21,"column":65}},"type":"binary-expr","locations":[{"start":{"line":21,"column":23},"end":{"line":21,"column":57}},{"start":{"line":21,"column":61},"end":{"line":21,"column":65}}]},"10":{"loc":{"start":{"line":26,"column":25},"end":{"line":26,"column":66}},"type":"binary-expr","locations":[{"start":{"line":26,"column":25},"end":{"line":26,"column":55}},{"start":{"line":26,"column":59},"end":{"line":26,"column":66}}]},"11":{"loc":{"start":{"line":27,"column":23},"end":{"line":27,"column":58}},"type":"binary-expr","locations":[{"start":{"line":27,"column":23},"end":{"line":27,"column":51}},{"start":{"line":27,"column":55},"end":{"line":27,"column":58}}]},"12":{"loc":{"start":{"line":28,"column":26},"end":{"line":28,"column":63}},"type":"binary-expr","locations":[{"start":{"line":28,"column":26},"end":{"line":28,"column":56}},{"start":{"line":28,"column":60},"end":{"line":28,"column":63}}]},"13":{"loc":{"start":{"line":31,"column":10},"end":{"line":31,"column":47}},"type":"binary-expr","locations":[{"start":{"line":31,"column":10},"end":{"line":31,"column":32}},{"start":{"line":31,"column":36},"end":{"line":31,"column":47}}]},"14":{"loc":{"start":{"line":32,"column":19},"end":{"line":32,"column":51}},"type":"binary-expr","locations":[{"start":{"line":32,"column":19},"end":{"line":32,"column":41}},{"start":{"line":32,"column":45},"end":{"line":32,"column":51}}]},"15":{"loc":{"start":{"line":34,"column":17},"end":{"line":34,"column":44}},"type":"binary-expr","locations":[{"start":{"line":34,"column":17},"end":{"line":34,"column":37}},{"start":{"line":34,"column":41},"end":{"line":34,"column":44}}]},"16":{"loc":{"start":{"line":37,"column":31},"end":{"line":37,"column":67}},"type":"binary-expr","locations":[{"start":{"line":37,"column":31},"end":{"line":37,"column":60}},{"start":{"line":37,"column":64},"end":{"line":37,"column":67}}]},"17":{"loc":{"start":{"line":38,"column":30},"end":{"line":38,"column":70}},"type":"binary-expr","locations":[{"start":{"line":38,"column":30},"end":{"line":38,"column":58}},{"start":{"line":38,"column":62},"end":{"line":38,"column":70}}]},"18":{"loc":{"start":{"line":40,"column":6},"end":{"line":40,"column":56}},"type":"binary-expr","locations":[{"start":{"line":40,"column":6},"end":{"line":40,"column":43}},{"start":{"line":40,"column":47},"end":{"line":40,"column":56}}]},"19":{"loc":{"start":{"line":44,"column":6},"end":{"line":44,"column":48}},"type":"binary-expr","locations":[{"start":{"line":44,"column":6},"end":{"line":44,"column":39}},{"start":{"line":44,"column":43},"end":{"line":44,"column":48}}]},"20":{"loc":{"start":{"line":49,"column":12},"end":{"line":49,"column":62}},"type":"binary-expr","locations":[{"start":{"line":49,"column":12},"end":{"line":49,"column":35}},{"start":{"line":49,"column":39},"end":{"line":49,"column":62}}]},"21":{"loc":{"start":{"line":53,"column":19},"end":{"line":53,"column":45}},"type":"binary-expr","locations":[{"start":{"line":53,"column":19},"end":{"line":53,"column":35}},{"start":{"line":53,"column":39},"end":{"line":53,"column":45}}]},"22":{"loc":{"start":{"line":54,"column":17},"end":{"line":54,"column":54}},"type":"binary-expr","locations":[{"start":{"line":54,"column":17},"end":{"line":54,"column":37}},{"start":{"line":54,"column":41},"end":{"line":54,"column":54}}]},"23":{"loc":{"start":{"line":55,"column":15},"end":{"line":55,"column":46}},"type":"binary-expr","locations":[{"start":{"line":55,"column":15},"end":{"line":55,"column":37}},{"start":{"line":55,"column":41},"end":{"line":55,"column":46}}]}},"s":{"0":0,"1":0},"f":{"0":0},"b":{"0":[0,0],"1":[0,0],"2":[0,0],"3":[0,0],"4":[0,0],"5":[0,0],"6":[0,0],"7":[0,0],"8":[0,0],"9":[0,0],"10":[0,0],"11":[0,0],"12":[0,0],"13":[0,0],"14":[0,0],"15":[0,0],"16":[0,0],"17":[0,0],"18":[0,0],"19":[0,0],"20":[0,0],"21":[0,0],"22":[0,0],"23":[0,0]}}
,"C:\\Users\\Agustin\\Desktop\\Proyectos\\myhotelflow\\My hotel flow codigo\\backend\\src\\infra\\cache\\cache.module.ts": {"path":"C:\\Users\\Agustin\\Desktop\\Proyectos\\myhotelflow\\My hotel flow codigo\\backend\\src\\infra\\cache\\cache.module.ts","statementMap":{"0":{"start":{"line":1,"column":0},"end":{"line":1,"column":48}},"1":{"start":{"line":2,"column":0},"end":{"line":2,"column":71}},"2":{"start":{"line":3,"column":0},"end":{"line":3,"column":61}},"3":{"start":{"line":34,"column":7},"end":{"line":34,"column":null}},"4":{"start":{"line":34,"column":13},"end":{"line":34,"column":24}},"5":{"start":{"line":34,"column":13},"end":{"line":34,"column":null}},"6":{"start":{"line":22,"column":8},"end":{"line":28,"column":10}}},"fnMap":{"0":{"name":"(anonymous_1)","decl":{"start":{"line":18,"column":18},"end":{"line":18,"column":23}},"loc":{"start":{"line":18,"column":57},"end":{"line":29,"column":7}}}},"branchMap":{},"s":{"0":0,"1":0,"2":0,"3":0,"4":0,"5":0,"6":0},"f":{"0":0},"b":{}}
,"C:\\Users\\Agustin\\Desktop\\Proyectos\\myhotelflow\\My hotel flow codigo\\backend\\src\\infra\\database\\data-source.ts": {"path":"C:\\Users\\Agustin\\Desktop\\Proyectos\\myhotelflow\\My hotel flow codigo\\backend\\src\\infra\\database\\data-source.ts","statementMap":{"0":{"start":{"line":1,"column":0},"end":{"line":1,"column":37}},"1":{"start":{"line":2,"column":0},"end":{"line":2,"column":32}},"2":{"start":{"line":5,"column":0},"end":{"line":5,"column":9}},"3":{"start":{"line":12,"column":13},"end":{"line":23,"column":3}}},"fnMap":{},"branchMap":{"0":{"loc":{"start":{"line":14,"column":8},"end":{"line":14,"column":42}},"type":"binary-expr","locations":[{"start":{"line":14,"column":8},"end":{"line":14,"column":27}},{"start":{"line":14,"column":31},"end":{"line":14,"column":42}}]},"1":{"loc":{"start":{"line":15,"column":17},"end":{"line":15,"column":46}},"type":"binary-expr","locations":[{"start":{"line":15,"column":17},"end":{"line":15,"column":36}},{"start":{"line":15,"column":40},"end":{"line":15,"column":46}}]},"2":{"loc":{"start":{"line":16,"column":12},"end":{"line":16,"column":49}},"type":"binary-expr","locations":[{"start":{"line":16,"column":12},"end":{"line":16,"column":35}},{"start":{"line":16,"column":39},"end":{"line":16,"column":49}}]},"3":{"loc":{"start":{"line":17,"column":12},"end":{"line":17,"column":49}},"type":"binary-expr","locations":[{"start":{"line":17,"column":12},"end":{"line":17,"column":35}},{"start":{"line":17,"column":39},"end":{"line":17,"column":49}}]},"4":{"loc":{"start":{"line":18,"column":12},"end":{"line":18,"column":48}},"type":"binary-expr","locations":[{"start":{"line":18,"column":12},"end":{"line":18,"column":31}},{"start":{"line":18,"column":35},"end":{"line":18,"column":48}}]}},"s":{"0":0,"1":0,"2":0,"3":0},"f":{},"b":{"0":[0,0],"1":[0,0],"2":[0,0],"3":[0,0],"4":[0,0]}}
,"C:\\Users\\Agustin\\Desktop\\Proyectos\\myhotelflow\\My hotel flow codigo\\backend\\src\\infra\\database\\database.module.ts": {"path":"C:\\Users\\Agustin\\Desktop\\Proyectos\\myhotelflow\\My hotel flow codigo\\backend\\src\\infra\\database\\database.module.ts","statementMap":{"0":{"start":{"line":1,"column":0},"end":{"line":1,"column":40}},"1":{"start":{"line":2,"column":0},"end":{"line":2,"column":48}},"2":{"start":{"line":3,"column":0},"end":{"line":3,"column":61}},"3":{"start":{"line":4,"column":0},"end":{"line":4,"column":null}},"4":{"start":{"line":43,"column":7},"end":{"line":43,"column":null}},"5":{"start":{"line":43,"column":13},"end":{"line":43,"column":27}},"6":{"start":{"line":43,"column":13},"end":{"line":43,"column":null}},"7":{"start":{"line":22,"column":46},"end":{"line":39,"column":8}}},"fnMap":{"0":{"name":"(anonymous_1)","decl":{"start":{"line":22,"column":18},"end":{"line":22,"column":19}},"loc":{"start":{"line":22,"column":46},"end":{"line":39,"column":8}}}},"branchMap":{},"s":{"0":0,"1":0,"2":0,"3":0,"4":0,"5":0,"6":0,"7":0},"f":{"0":0},"b":{}}
,"C:\\Users\\Agustin\\Desktop\\Proyectos\\myhotelflow\\My hotel flow codigo\\backend\\src\\infra\\database\\entities\\action.entity.ts": {"path":"C:\\Users\\Agustin\\Desktop\\Proyectos\\myhotelflow\\My hotel flow codigo\\backend\\src\\infra\\database\\entities\\action.entity.ts","statementMap":{"0":{"start":{"line":1,"column":0},"end":{"line":1,"column":101}},"1":{"start":{"line":9,"column":7},"end":{"line":45,"column":null}},"2":{"start":{"line":9,"column":13},"end":{"line":9,"column":25}},"3":{"start":{"line":11,"column":2},"end":{"line":11,"column":null}},"4":{"start":{"line":19,"column":2},"end":{"line":19,"column":null}},"5":{"start":{"line":25,"column":2},"end":{"line":25,"column":null}},"6":{"start":{"line":31,"column":2},"end":{"line":31,"column":null}},"7":{"start":{"line":38,"column":2},"end":{"line":38,"column":null}},"8":{"start":{"line":41,"column":2},"end":{"line":41,"column":null}},"9":{"start":{"line":44,"column":2},"end":{"line":44,"column":null}},"10":{"start":{"line":9,"column":13},"end":{"line":45,"column":null}}},"fnMap":{},"branchMap":{"0":{"loc":{"start":{"line":41,"column":13},"end":{"line":41,"column":18}},"type":"cond-expr","locations":[{"start":{"line":41,"column":17},"end":{"line":41,"column":18}},{"start":{"line":41,"column":17},"end":{"line":41,"column":18}}]},"1":{"loc":{"start":{"line":41,"column":13},"end":{"line":41,"column":17}},"type":"binary-expr","locations":[{"start":{"line":41,"column":13},"end":{"line":41,"column":18}},{"start":{"line":41,"column":13},"end":{"line":41,"column":17}}]},"2":{"loc":{"start":{"line":44,"column":13},"end":{"line":44,"column":18}},"type":"cond-expr","locations":[{"start":{"line":44,"column":17},"end":{"line":44,"column":18}},{"start":{"line":44,"column":17},"end":{"line":44,"column":18}}]},"3":{"loc":{"start":{"line":44,"column":13},"end":{"line":44,"column":17}},"type":"binary-expr","locations":[{"start":{"line":44,"column":13},"end":{"line":44,"column":18}},{"start":{"line":44,"column":13},"end":{"line":44,"column":17}}]}},"s":{"0":2,"1":2,"2":2,"3":2,"4":2,"5":2,"6":2,"7":2,"8":2,"9":2,"10":2},"f":{},"b":{"0":[2,0],"1":[2,2],"2":[2,0],"3":[2,2]}}
,"C:\\Users\\Agustin\\Desktop\\Proyectos\\myhotelflow\\My hotel flow codigo\\backend\\src\\infra\\database\\entities\\audit-log.entity.ts": {"path":"C:\\Users\\Agustin\\Desktop\\Proyectos\\myhotelflow\\My hotel flow codigo\\backend\\src\\infra\\database\\entities\\audit-log.entity.ts","statementMap":{"0":{"start":{"line":1,"column":0},"end":{"line":1,"column":90}},"1":{"start":{"line":11,"column":7},"end":{"line":89,"column":null}},"2":{"start":{"line":11,"column":13},"end":{"line":11,"column":27}},"3":{"start":{"line":13,"column":2},"end":{"line":13,"column":null}},"4":{"start":{"line":20,"column":2},"end":{"line":20,"column":null}},"5":{"start":{"line":26,"column":2},"end":{"line":26,"column":null}},"6":{"start":{"line":33,"column":2},"end":{"line":33,"column":null}},"7":{"start":{"line":40,"column":2},"end":{"line":40,"column":null}},"8":{"start":{"line":46,"column":2},"end":{"line":46,"column":null}},"9":{"start":{"line":53,"column":2},"end":{"line":53,"column":null}},"10":{"start":{"line":59,"column":2},"end":{"line":59,"column":null}},"11":{"start":{"line":66,"column":2},"end":{"line":66,"column":null}},"12":{"start":{"line":72,"column":2},"end":{"line":72,"column":null}},"13":{"start":{"line":78,"column":2},"end":{"line":78,"column":null}},"14":{"start":{"line":85,"column":2},"end":{"line":85,"column":null}},"15":{"start":{"line":88,"column":2},"end":{"line":88,"column":null}},"16":{"start":{"line":11,"column":13},"end":{"line":89,"column":null}}},"fnMap":{},"branchMap":{"0":{"loc":{"start":{"line":66,"column":13},"end":{"line":66,"column":33}},"type":"cond-expr","locations":[{"start":{"line":66,"column":19},"end":{"line":66,"column":33}},{"start":{"line":66,"column":19},"end":{"line":66,"column":33}}]},"1":{"loc":{"start":{"line":66,"column":13},"end":{"line":66,"column":19}},"type":"binary-expr","locations":[{"start":{"line":66,"column":13},"end":{"line":66,"column":33}},{"start":{"line":66,"column":13},"end":{"line":66,"column":19}}]},"2":{"loc":{"start":{"line":88,"column":13},"end":{"line":88,"column":18}},"type":"cond-expr","locations":[{"start":{"line":88,"column":17},"end":{"line":88,"column":18}},{"start":{"line":88,"column":17},"end":{"line":88,"column":18}}]},"3":{"loc":{"start":{"line":88,"column":13},"end":{"line":88,"column":17}},"type":"binary-expr","locations":[{"start":{"line":88,"column":13},"end":{"line":88,"column":18}},{"start":{"line":88,"column":13},"end":{"line":88,"column":17}}]}},"s":{"0":2,"1":2,"2":2,"3":2,"4":2,"5":2,"6":2,"7":2,"8":2,"9":2,"10":2,"11":2,"12":2,"13":2,"14":2,"15":2,"16":2},"f":{},"b":{"0":[0,2],"1":[2,0],"2":[2,0],"3":[2,2]}}
,"C:\\Users\\Agustin\\Desktop\\Proyectos\\myhotelflow\\My hotel flow codigo\\backend\\src\\infra\\database\\entities\\group.entity.ts": {"path":"C:\\Users\\Agustin\\Desktop\\Proyectos\\myhotelflow\\My hotel flow codigo\\backend\\src\\infra\\database\\entities\\group.entity.ts","statementMap":{"0":{"start":{"line":1,"column":0},"end":{"line":1,"column":null}},"1":{"start":{"line":10,"column":0},"end":{"line":10,"column":47}},"2":{"start":{"line":20,"column":7},"end":{"line":74,"column":null}},"3":{"start":{"line":20,"column":13},"end":{"line":20,"column":24}},"4":{"start":{"line":22,"column":2},"end":{"line":22,"column":null}},"5":{"start":{"line":29,"column":2},"end":{"line":29,"column":null}},"6":{"start":{"line":35,"column":2},"end":{"line":35,"column":null}},"7":{"start":{"line":41,"column":2},"end":{"line":41,"column":null}},"8":{"start":{"line":53,"column":2},"end":{"line":53,"column":null}},"9":{"start":{"line":47,"column":20},"end":{"line":47,"column":32}},"10":{"start":{"line":67,"column":2},"end":{"line":67,"column":null}},"11":{"start":{"line":61,"column":20},"end":{"line":61,"column":31}},"12":{"start":{"line":70,"column":2},"end":{"line":70,"column":null}},"13":{"start":{"line":73,"column":2},"end":{"line":73,"column":null}},"14":{"start":{"line":20,"column":13},"end":{"line":74,"column":null}}},"fnMap":{"0":{"name":"(anonymous_2)","decl":{"start":{"line":47,"column":14},"end":{"line":47,"column":17}},"loc":{"start":{"line":47,"column":20},"end":{"line":47,"column":32}}},"1":{"name":"(anonymous_3)","decl":{"start":{"line":61,"column":14},"end":{"line":61,"column":17}},"loc":{"start":{"line":61,"column":20},"end":{"line":61,"column":31}}}},"branchMap":{"0":{"loc":{"start":{"line":70,"column":13},"end":{"line":70,"column":18}},"type":"cond-expr","locations":[{"start":{"line":70,"column":17},"end":{"line":70,"column":18}},{"start":{"line":70,"column":17},"end":{"line":70,"column":18}}]},"1":{"loc":{"start":{"line":70,"column":13},"end":{"line":70,"column":17}},"type":"binary-expr","locations":[{"start":{"line":70,"column":13},"end":{"line":70,"column":18}},{"start":{"line":70,"column":13},"end":{"line":70,"column":17}}]},"2":{"loc":{"start":{"line":73,"column":13},"end":{"line":73,"column":18}},"type":"cond-expr","locations":[{"start":{"line":73,"column":17},"end":{"line":73,"column":18}},{"start":{"line":73,"column":17},"end":{"line":73,"column":18}}]},"3":{"loc":{"start":{"line":73,"column":13},"end":{"line":73,"column":17}},"type":"binary-expr","locations":[{"start":{"line":73,"column":13},"end":{"line":73,"column":18}},{"start":{"line":73,"column":13},"end":{"line":73,"column":17}}]}},"s":{"0":2,"1":2,"2":2,"3":2,"4":2,"5":2,"6":2,"7":2,"8":2,"9":0,"10":2,"11":0,"12":2,"13":2,"14":2},"f":{"0":0,"1":0},"b":{"0":[2,0],"1":[2,2],"2":[2,0],"3":[2,2]}}
,"C:\\Users\\Agustin\\Desktop\\Proyectos\\myhotelflow\\My hotel flow codigo\\backend\\src\\infra\\database\\entities\\index.ts": {"path":"C:\\Users\\Agustin\\Desktop\\Proyectos\\myhotelflow\\My hotel flow codigo\\backend\\src\\infra\\database\\entities\\index.ts","statementMap":{"0":{"start":{"line":6,"column":0},"end":{"line":6,"column":32}},"1":{"start":{"line":7,"column":0},"end":{"line":7,"column":31}},"2":{"start":{"line":8,"column":0},"end":{"line":8,"column":30}},"3":{"start":{"line":9,"column":0},"end":{"line":9,"column":39}},"4":{"start":{"line":10,"column":0},"end":{"line":10,"column":35}}},"fnMap":{},"branchMap":{},"s":{"0":2,"1":2,"2":2,"3":2,"4":2},"f":{},"b":{}}
,"C:\\Users\\Agustin\\Desktop\\Proyectos\\myhotelflow\\My hotel flow codigo\\backend\\src\\infra\\database\\entities\\revoked-token.entity.ts": {"path":"C:\\Users\\Agustin\\Desktop\\Proyectos\\myhotelflow\\My hotel flow codigo\\backend\\src\\infra\\database\\entities\\revoked-token.entity.ts","statementMap":{"0":{"start":{"line":1,"column":0},"end":{"line":1,"column":90}},"1":{"start":{"line":10,"column":7},"end":{"line":55,"column":null}},"2":{"start":{"line":10,"column":13},"end":{"line":10,"column":31}},"3":{"start":{"line":12,"column":2},"end":{"line":12,"column":null}},"4":{"start":{"line":18,"column":2},"end":{"line":18,"column":null}},"5":{"start":{"line":24,"column":2},"end":{"line":24,"column":null}},"6":{"start":{"line":31,"column":2},"end":{"line":31,"column":null}},"7":{"start":{"line":38,"column":2},"end":{"line":38,"column":null}},"8":{"start":{"line":45,"column":2},"end":{"line":45,"column":null}},"9":{"start":{"line":51,"column":2},"end":{"line":51,"column":null}},"10":{"start":{"line":54,"column":2},"end":{"line":54,"column":null}},"11":{"start":{"line":10,"column":13},"end":{"line":55,"column":null}}},"fnMap":{},"branchMap":{"0":{"loc":{"start":{"line":45,"column":13},"end":{"line":45,"column":18}},"type":"cond-expr","locations":[{"start":{"line":45,"column":17},"end":{"line":45,"column":18}},{"start":{"line":45,"column":17},"end":{"line":45,"column":18}}]},"1":{"loc":{"start":{"line":45,"column":13},"end":{"line":45,"column":17}},"type":"binary-expr","locations":[{"start":{"line":45,"column":13},"end":{"line":45,"column":18}},{"start":{"line":45,"column":13},"end":{"line":45,"column":17}}]},"2":{"loc":{"start":{"line":54,"column":13},"end":{"line":54,"column":18}},"type":"cond-expr","locations":[{"start":{"line":54,"column":17},"end":{"line":54,"column":18}},{"start":{"line":54,"column":17},"end":{"line":54,"column":18}}]},"3":{"loc":{"start":{"line":54,"column":13},"end":{"line":54,"column":17}},"type":"binary-expr","locations":[{"start":{"line":54,"column":13},"end":{"line":54,"column":18}},{"start":{"line":54,"column":13},"end":{"line":54,"column":17}}]}},"s":{"0":2,"1":2,"2":2,"3":2,"4":2,"5":2,"6":2,"7":2,"8":2,"9":2,"10":2,"11":2},"f":{},"b":{"0":[2,0],"1":[2,2],"2":[2,0],"3":[2,2]}}
,"C:\\Users\\Agustin\\Desktop\\Proyectos\\myhotelflow\\My hotel flow codigo\\backend\\src\\infra\\database\\entities\\user.entity.ts": {"path":"C:\\Users\\Agustin\\Desktop\\Proyectos\\myhotelflow\\My hotel flow codigo\\backend\\src\\infra\\database\\entities\\user.entity.ts","statementMap":{"0":{"start":{"line":1,"column":0},"end":{"line":1,"column":null}},"1":{"start":{"line":10,"column":0},"end":{"line":10,"column":45}},"2":{"start":{"line":11,"column":0},"end":{"line":11,"column":47}},"3":{"start":{"line":20,"column":7},"end":{"line":119,"column":null}},"4":{"start":{"line":20,"column":13},"end":{"line":20,"column":23}},"5":{"start":{"line":22,"column":2},"end":{"line":22,"column":null}},"6":{"start":{"line":28,"column":2},"end":{"line":28,"column":null}},"7":{"start":{"line":34,"column":2},"end":{"line":34,"column":null}},"8":{"start":{"line":41,"column":2},"end":{"line":41,"column":null}},"9":{"start":{"line":47,"column":2},"end":{"line":47,"column":null}},"10":{"start":{"line":54,"column":2},"end":{"line":54,"column":null}},"11":{"start":{"line":60,"column":2},"end":{"line":60,"column":null}},"12":{"start":{"line":67,"column":2},"end":{"line":67,"column":null}},"13":{"start":{"line":74,"column":2},"end":{"line":74,"column":null}},"14":{"start":{"line":87,"column":2},"end":{"line":87,"column":null}},"15":{"start":{"line":81,"column":20},"end":{"line":81,"column":31}},"16":{"start":{"line":99,"column":2},"end":{"line":99,"column":null}},"17":{"start":{"line":93,"column":20},"end":{"line":93,"column":32}},"18":{"start":{"line":106,"column":2},"end":{"line":106,"column":null}},"19":{"start":{"line":112,"column":2},"end":{"line":112,"column":null}},"20":{"start":{"line":115,"column":2},"end":{"line":115,"column":null}},"21":{"start":{"line":118,"column":2},"end":{"line":118,"column":null}},"22":{"start":{"line":20,"column":13},"end":{"line":119,"column":null}}},"fnMap":{"0":{"name":"(anonymous_2)","decl":{"start":{"line":81,"column":14},"end":{"line":81,"column":17}},"loc":{"start":{"line":81,"column":20},"end":{"line":81,"column":31}}},"1":{"name":"(anonymous_3)","decl":{"start":{"line":93,"column":14},"end":{"line":93,"column":17}},"loc":{"start":{"line":93,"column":20},"end":{"line":93,"column":32}}}},"branchMap":{"0":{"loc":{"start":{"line":60,"column":16},"end":{"line":60,"column":21}},"type":"cond-expr","locations":[{"start":{"line":60,"column":20},"end":{"line":60,"column":21}},{"start":{"line":60,"column":20},"end":{"line":60,"column":21}}]},"1":{"loc":{"start":{"line":60,"column":16},"end":{"line":60,"column":20}},"type":"binary-expr","locations":[{"start":{"line":60,"column":16},"end":{"line":60,"column":21}},{"start":{"line":60,"column":16},"end":{"line":60,"column":20}}]},"2":{"loc":{"start":{"line":74,"column":16},"end":{"line":74,"column":21}},"type":"cond-expr","locations":[{"start":{"line":74,"column":20},"end":{"line":74,"column":21}},{"start":{"line":74,"column":20},"end":{"line":74,"column":21}}]},"3":{"loc":{"start":{"line":74,"column":16},"end":{"line":74,"column":20}},"type":"binary-expr","locations":[{"start":{"line":74,"column":16},"end":{"line":74,"column":21}},{"start":{"line":74,"column":16},"end":{"line":74,"column":20}}]},"4":{"loc":{"start":{"line":112,"column":25},"end":{"line":112,"column":30}},"type":"cond-expr","locations":[{"start":{"line":112,"column":29},"end":{"line":112,"column":30}},{"start":{"line":112,"column":29},"end":{"line":112,"column":30}}]},"5":{"loc":{"start":{"line":112,"column":25},"end":{"line":112,"column":29}},"type":"binary-expr","locations":[{"start":{"line":112,"column":25},"end":{"line":112,"column":30}},{"start":{"line":112,"column":25},"end":{"line":112,"column":29}}]},"6":{"loc":{"start":{"line":115,"column":13},"end":{"line":115,"column":18}},"type":"cond-expr","locations":[{"start":{"line":115,"column":17},"end":{"line":115,"column":18}},{"start":{"line":115,"column":17},"end":{"line":115,"column":18}}]},"7":{"loc":{"start":{"line":115,"column":13},"end":{"line":115,"column":17}},"type":"binary-expr","locations":[{"start":{"line":115,"column":13},"end":{"line":115,"column":18}},{"start":{"line":115,"column":13},"end":{"line":115,"column":17}}]},"8":{"loc":{"start":{"line":118,"column":13},"end":{"line":118,"column":18}},"type":"cond-expr","locations":[{"start":{"line":118,"column":17},"end":{"line":118,"column":18}},{"start":{"line":118,"column":17},"end":{"line":118,"column":18}}]},"9":{"loc":{"start":{"line":118,"column":13},"end":{"line":118,"column":17}},"type":"binary-expr","locations":[{"start":{"line":118,"column":13},"end":{"line":118,"column":18}},{"start":{"line":118,"column":13},"end":{"line":118,"column":17}}]}},"s":{"0":2,"1":2,"2":2,"3":2,"4":2,"5":2,"6":2,"7":2,"8":2,"9":2,"10":2,"11":2,"12":2,"13":2,"14":2,"15":0,"16":2,"17":0,"18":2,"19":2,"20":2,"21":2,"22":2},"f":{"0":0,"1":0},"b":{"0":[2,0],"1":[2,2],"2":[2,0],"3":[2,2],"4":[2,0],"5":[2,2],"6":[2,0],"7":[2,2],"8":[2,0],"9":[2,2]}}
,"C:\\Users\\Agustin\\Desktop\\Proyectos\\myhotelflow\\My hotel flow codigo\\backend\\src\\infra\\database\\migrations\\1700000000000-CreateSecurityTables.ts": {"path":"C:\\Users\\Agustin\\Desktop\\Proyectos\\myhotelflow\\My hotel flow codigo\\backend\\src\\infra\\database\\migrations\\1700000000000-CreateSecurityTables.ts","statementMap":{"0":{"start":{"line":9,"column":9},"end":{"line":9,"column":44}},"1":{"start":{"line":13,"column":4},"end":{"line":23,"column":7}},"2":{"start":{"line":26,"column":4},"end":{"line":35,"column":7}},"3":{"start":{"line":38,"column":4},"end":{"line":54,"column":7}},"4":{"start":{"line":57,"column":4},"end":{"line":68,"column":7}},"5":{"start":{"line":71,"column":4},"end":{"line":83,"column":7}},"6":{"start":{"line":86,"column":4},"end":{"line":96,"column":7}},"7":{"start":{"line":99,"column":4},"end":{"line":109,"column":7}},"8":{"start":{"line":112,"column":4},"end":{"line":122,"column":7}},"9":{"start":{"line":125,"column":4},"end":{"line":135,"column":7}},"10":{"start":{"line":138,"column":4},"end":{"line":138,"column":80}},"11":{"start":{"line":139,"column":4},"end":{"line":139,"column":82}},"12":{"start":{"line":140,"column":4},"end":{"line":140,"column":78}},"13":{"start":{"line":141,"column":4},"end":{"line":141,"column":80}},"14":{"start":{"line":142,"column":4},"end":{"line":142,"column":86}},"15":{"start":{"line":143,"column":4},"end":{"line":143,"column":86}},"16":{"start":{"line":144,"column":4},"end":{"line":144,"column":94}},"17":{"start":{"line":145,"column":4},"end":{"line":145,"column":106}},"18":{"start":{"line":146,"column":4},"end":{"line":146,"column":92}},"19":{"start":{"line":147,"column":4},"end":{"line":147,"column":92}},"20":{"start":{"line":148,"column":4},"end":{"line":148,"column":98}},"21":{"start":{"line":153,"column":4},"end":{"line":153,"column":67}},"22":{"start":{"line":154,"column":4},"end":{"line":154,"column":66}},"23":{"start":{"line":155,"column":4},"end":{"line":155,"column":69}},"24":{"start":{"line":156,"column":4},"end":{"line":156,"column":68}},"25":{"start":{"line":157,"column":4},"end":{"line":157,"column":64}},"26":{"start":{"line":158,"column":4},"end":{"line":158,"column":68}},"27":{"start":{"line":159,"column":4},"end":{"line":159,"column":59}},"28":{"start":{"line":160,"column":4},"end":{"line":160,"column":60}},"29":{"start":{"line":161,"column":4},"end":{"line":161,"column":61}},"30":{"start":{"line":8,"column":0},"end":{"line":8,"column":13}}},"fnMap":{"0":{"name":"(anonymous_0)","decl":{"start":{"line":11,"column":9},"end":{"line":11,"column":14}},"loc":{"start":{"line":11,"column":42},"end":{"line":149,"column":3}}},"1":{"name":"(anonymous_1)","decl":{"start":{"line":151,"column":9},"end":{"line":151,"column":14}},"loc":{"start":{"line":151,"column":44},"end":{"line":162,"column":3}}}},"branchMap":{},"s":{"0":0,"1":0,"2":0,"3":0,"4":0,"5":0,"6":0,"7":0,"8":0,"9":0,"10":0,"11":0,"12":0,"13":0,"14":0,"15":0,"16":0,"17":0,"18":0,"19":0,"20":0,"21":0,"22":0,"23":0,"24":0,"25":0,"26":0,"27":0,"28":0,"29":0,"30":0},"f":{"0":0,"1":0},"b":{}}
,"C:\\Users\\Agustin\\Desktop\\Proyectos\\myhotelflow\\My hotel flow codigo\\backend\\src\\infra\\database\\seeds\\run-seeds.ts": {"path":"C:\\Users\\Agustin\\Desktop\\Proyectos\\myhotelflow\\My hotel flow codigo\\backend\\src\\infra\\database\\seeds\\run-seeds.ts","statementMap":{"0":{"start":{"line":1,"column":0},"end":{"line":1,"column":43}},"1":{"start":{"line":2,"column":0},"end":{"line":2,"column":48}},"2":{"start":{"line":3,"column":0},"end":{"line":3,"column":66}},"3":{"start":{"line":4,"column":0},"end":{"line":4,"column":63}},"4":{"start":{"line":5,"column":0},"end":{"line":5,"column":60}},"5":{"start":{"line":12,"column":2},"end":{"line":12,"column":51}},"6":{"start":{"line":14,"column":14},"end":{"line":14,"column":67}},"7":{"start":{"line":16,"column":2},"end":{"line":38,"column":3}},"8":{"start":{"line":18,"column":27},"end":{"line":18,"column":50}},"9":{"start":{"line":19,"column":4},"end":{"line":19,"column":32}},"10":{"start":{"line":20,"column":4},"end":{"line":20,"column":20}},"11":{"start":{"line":23,"column":26},"end":{"line":23,"column":48}},"12":{"start":{"line":24,"column":4},"end":{"line":24,"column":31}},"13":{"start":{"line":25,"column":4},"end":{"line":25,"column":20}},"14":{"start":{"line":28,"column":25},"end":{"line":28,"column":46}},"15":{"start":{"line":29,"column":4},"end":{"line":29,"column":30}},"16":{"start":{"line":30,"column":4},"end":{"line":30,"column":20}},"17":{"start":{"line":32,"column":4},"end":{"line":32,"column":64}},"18":{"start":{"line":34,"column":4},"end":{"line":34,"column":52}},"19":{"start":{"line":35,"column":4},"end":{"line":35,"column":20}},"20":{"start":{"line":37,"column":4},"end":{"line":37,"column":22}},"21":{"start":{"line":41,"column":0},"end":{"line":41,"column":11}}},"fnMap":{"0":{"name":"runSeeds","decl":{"start":{"line":11,"column":15},"end":{"line":11,"column":23}},"loc":{"start":{"line":11,"column":23},"end":{"line":39,"column":1}}}},"branchMap":{},"s":{"0":0,"1":0,"2":0,"3":0,"4":0,"5":0,"6":0,"7":0,"8":0,"9":0,"10":0,"11":0,"12":0,"13":0,"14":0,"15":0,"16":0,"17":0,"18":0,"19":0,"20":0,"21":0},"f":{"0":0},"b":{}}
[...]
line":214,"column":6},"end":{"line":216,"column":8}},"68":{"start":{"line":219,"column":4},"end":{"line":219,"column":27}},"69":{"start":{"line":220,"column":18},"end":{"line":220,"column":48}},"70":{"start":{"line":222,"column":4},"end":{"line":222,"column":85}},"71":{"start":{"line":224,"column":4},"end":{"line":224,"column":17}},"72":{"start":{"line":231,"column":17},"end":{"line":231,"column":39}},"73":{"start":{"line":233,"column":4},"end":{"line":233,"column":69}},"74":{"start":{"line":234,"column":4},"end":{"line":234,"column":33}},"75":{"start":{"line":235,"column":4},"end":{"line":235,"column":33}},"76":{"start":{"line":237,"column":4},"end":{"line":237,"column":35}},"77":{"start":{"line":239,"column":4},"end":{"line":239,"column":65}},"78":{"start":{"line":246,"column":17},"end":{"line":246,"column":43}},"79":{"start":{"line":248,"column":4},"end":{"line":250,"column":5}},"80":{"start":{"line":249,"column":6},"end":{"line":249,"column":19}},"81":{"start":{"line":253,"column":4},"end":{"line":258,"column":5}},"82":{"start":{"line":254,"column":6},"end":{"line":254,"column":35}},"83":{"start":{"line":255,"column":6},"end":{"line":255,"column":35}},"84":{"start":{"line":256,"column":6},"end":{"line":256,"column":37}},"85":{"start":{"line":257,"column":6},"end":{"line":257,"column":19}},"86":{"start":{"line":260,"column":4},"end":{"line":260,"column":16}},"87":{"start":{"line":268,"column":17},"end":{"line":268,"column":43}},"88":{"start":{"line":270,"column":4},"end":{"line":270,"column":67}},"89":{"start":{"line":273,"column":4},"end":{"line":278,"column":5}},"90":{"start":{"line":274,"column":6},"end":{"line":274,"column":70}},"91":{"start":{"line":275,"column":6},"end":{"line":277,"column":8}},"92":{"start":{"line":280,"column":4},"end":{"line":280,"column":35}},"93":{"start":{"line":287,"column":17},"end":{"line":287,"column":43}},"94":{"start":{"line":289,"column":4},"end":{"line":289,"column":33}},"95":{"start":{"line":290,"column":4},"end":{"line":290,"column":33}},"96":{"start":{"line":291,"column":4},"end":{"line":291,"column":34}},"97":{"start":{"line":293,"column":4},"end":{"line":293,"column":35}},"98":{"start":{"line":300,"column":41},"end":{"line":322,"column":6}},"99":{"start":{"line":324,"column":23},"end":{"line":324,"column":24}},"100":{"start":{"line":325,"column":23},"end":{"line":325,"column":24}},"101":{"start":{"line":327,"column":4},"end":{"line":327,"column":47}},"102":{"start":{"line":329,"column":4},"end":{"line":344,"column":5}},"103":{"start":{"line":330,"column":6},"end":{"line":343,"column":7}},"104":{"start":{"line":331,"column":23},"end":{"line":331,"column":60}},"105":{"start":{"line":332,"column":8},"end":{"line":337,"column":9}},"106":{"start":{"line":333,"column":10},"end":{"line":333,"column":37}},"107":{"start":{"line":334,"column":10},"end":{"line":334,"column":25}},"108":{"start":{"line":336,"column":10},"end":{"line":336,"column":25}},"109":{"start":{"line":339,"column":8},"end":{"line":342,"column":10}},"110":{"start":{"line":346,"column":4},"end":{"line":348,"column":6}},"111":{"start":{"line":351,"column":4},"end":{"line":351,"column":61}},"112":{"start":{"line":352,"column":4},"end":{"line":352,"column":37}},"113":{"start":{"line":353,"column":4},"end":{"line":353,"column":64}},"114":{"start":{"line":360,"column":4},"end":{"line":384,"column":5}},"115":{"start":{"line":361,"column":20},"end":{"line":361,"column":61}},"116":{"start":{"line":362,"column":28},"end":{"line":362,"column":77}},"117":{"start":{"line":363,"column":22},"end":{"line":363,"column":65}},"118":{"start":{"line":365,"column":6},"end":{"line":367,"column":7}},"119":{"start":{"line":366,"column":8},"end":{"line":366,"column":69}},"120":{"start":{"line":369,"column":6},"end":{"line":373,"column":7}},"121":{"start":{"line":370,"column":8},"end":{"line":372,"column":11}},"122":{"start":{"line":375,"column":6},"end":{"line":377,"column":7}},"123":{"start":{"line":376,"column":8},"end":{"line":376,"column":73}},"124":{"start":{"line":379,"column":6},"end":{"line":379,"column":63}},"125":{"start":{"line":381,"column":6},"end":{"line":383,"column":8}},"126":{"start":{"line":27,"column":13},"end":{"line":27,"column":25}},"127":{"start":{"line":27,"column":13},"end":{"line":386,"column":null}}},"fnMap":{"0":{"name":"(anonymous_4)","decl":{"start":{"line":32,"column":2},"end":{"line":32,"column":null}},"loc":{"start":{"line":37,"column":49},"end":{"line":41,"column":3}}},"1":{"name":"(anonymous_5)","decl":{"start":{"line":46,"column":2},"end":{"line":46,"column":7}},"loc":{"start":{"line":46,"column":33},"end":{"line":69,"column":3}}},"2":{"name":"(anonymous_6)","decl":{"start":{"line":74,"column":2},"end":{"line":74,"column":7}},"loc":{"start":{"line":74,"column":15},"end":{"line":90,"column":3}}},"3":{"name":"(anonymous_7)","decl":{"start":{"line":95,"column":2},"end":{"line":95,"column":7}},"loc":{"start":{"line":95,"column":26},"end":{"line":106,"column":3}}},"4":{"name":"(anonymous_8)","decl":{"start":{"line":111,"column":2},"end":{"line":111,"column":7}},"loc":{"start":{"line":111,"column":33},"end":{"line":116,"column":3}}},"5":{"name":"(anonymous_9)","decl":{"start":{"line":121,"column":2},"end":{"line":121,"column":7}},"loc":{"start":{"line":121,"column":39},"end":{"line":126,"column":3}}},"6":{"name":"(anonymous_10)","decl":{"start":{"line":131,"column":2},"end":{"line":131,"column":7}},"loc":{"start":{"line":131,"column":45},"end":{"line":167,"column":3}}},"7":{"name":"(anonymous_11)","decl":{"start":{"line":172,"column":2},"end":{"line":172,"column":7}},"loc":{"start":{"line":172,"column":25},"end":{"line":176,"column":3}}},"8":{"name":"(anonymous_12)","decl":{"start":{"line":181,"column":2},"end":{"line":181,"column":7}},"loc":{"start":{"line":181,"column":51},"end":{"line":200,"column":3}}},"9":{"name":"(anonymous_13)","decl":{"start":{"line":205,"column":2},"end":{"line":205,"column":7}},"loc":{"start":{"line":205,"column":53},"end":{"line":225,"column":3}}},"10":{"name":"(anonymous_14)","decl":{"start":{"line":212,"column":36},"end":{"line":212,"column":37}},"loc":{"start":{"line":212,"column":43},"end":{"line":212,"column":48}}},"11":{"name":"(anonymous_15)","decl":{"start":{"line":213,"column":48},"end":{"line":213,"column":49}},"loc":{"start":{"line":213,"column":55},"end":{"line":213,"column":77}}},"12":{"name":"(anonymous_16)","decl":{"start":{"line":230,"column":2},"end":{"line":230,"column":7}},"loc":{"start":{"line":230,"column":55},"end":{"line":240,"column":3}}},"13":{"name":"(anonymous_17)","decl":{"start":{"line":245,"column":2},"end":{"line":245,"column":7}},"loc":{"start":{"line":245,"column":31},"end":{"line":261,"column":3}}},"14":{"name":"(anonymous_18)","decl":{"start":{"line":267,"column":2},"end":{"line":267,"column":7}},"loc":{"start":{"line":267,"column":46},"end":{"line":281,"column":3}}},"15":{"name":"(anonymous_19)","decl":{"start":{"line":286,"column":2},"end":{"line":286,"column":7}},"loc":{"start":{"line":286,"column":42},"end":{"line":294,"column":3}}},"16":{"name":"(anonymous_20)","decl":{"start":{"line":299,"column":2},"end":{"line":299,"column":7}},"loc":{"start":{"line":299,"column":12},"end":{"line":354,"column":3}}},"17":{"name":"(anonymous_21)","decl":{"start":{"line":359,"column":10},"end":{"line":359,"column":15}},"loc":{"start":{"line":359,"column":35},"end":{"line":385,"column":3}}}},"branchMap":{"0":{"loc":{"start":{"line":52,"column":4},"end":{"line":54,"column":5}},"type":"if","locations":[{"start":{"line":52,"column":4},"end":{"line":54,"column":5}},{"start":{},"end":{}}]},"1":{"loc":{"start":{"line":62,"column":16},"end":{"line":62,"column":36}},"type":"binary-expr","locations":[{"start":{"line":62,"column":16},"end":{"line":62,"column":28}},{"start":{"line":62,"column":32},"end":{"line":62,"column":36}}]},"2":{"loc":{"start":{"line":101,"column":4},"end":{"line":103,"column":5}},"type":"if","locations":[{"start":{"line":101,"column":4},"end":{"line":103,"column":5}},{"start":{},"end":{}}]},"3":{"loc":{"start":{"line":135,"column":4},"end":{"line":140,"column":5}},"type":"if","locations":[{"start":{"line":135,"column":4},"end":{"line":140,"column":5}},{"start":{},"end":{}}]},"4":{"loc":{"start":{"line":135,"column":8},"end":{"line":135,"column":54}},"type":"binary-expr","locations":[{"start":{"line":135,"column":8},"end":{"line":135,"column":20}},{"start":{"line":135,"column":24},"end":{"line":135,"column":54}}]},"5":{"loc":{"start":{"line":137,"column":6},"end":{"line":139,"column":7}},"type":"if","locations":[{"start":{"line":137,"column":6},"end":{"line":139,"column":7}},{"start":{},"end":{}}]},"6":{"loc":{"start":{"line":143,"column":4},"end":{"line":148,"column":5}},"type":"if","locations":[{"start":{"line":143,"column":4},"end":{"line":148,"column":5}},{"start":{},"end":{}}]},"7":{"loc":{"start":{"line":143,"column":8},"end":{"line":143,"column":45}},"type":"binary-expr","locations":[{"start":{"line":143,"column":8},"end":{"line":143,"column":17}},{"start":{"line":143,"column":21},"end":{"line":143,"column":45}}]},"8":{"loc":{"start":{"line":145,"column":6},"end":{"line":147,"column":7}},"type":"if","locations":[{"start":{"line":145,"column":6},"end":{"line":147,"column":7}},{"start":{},"end":{}}]},"9":{"loc":{"start":{"line":151,"column":4},"end":{"line":153,"column":5}},"type":"if","locations":[{"start":{"line":151,"column":4},"end":{"line":153,"column":5}},{"start":{},"end":{}}]},"10":{"loc":{"start":{"line":157,"column":16},"end":{"line":157,"column":45}},"type":"binary-expr","locations":[{"start":{"line":157,"column":16},"end":{"line":157,"column":28}},{"start":{"line":157,"column":32},"end":{"line":157,"column":45}}]},"11":{"loc":{"start":{"line":158,"column":13},"end":{"line":158,"column":36}},"type":"binary-expr","locations":[{"start":{"line":158,"column":13},"end":{"line":158,"column":22}},{"start":{"line":158,"column":26},"end":{"line":158,"column":36}}]},"12":{"loc":{"start":{"line":159,"column":16},"end":{"line":159,"column":45}},"type":"binary-expr","locations":[{"start":{"line":159,"column":16},"end":{"line":159,"column":28}},{"start":{"line":159,"column":32},"end":{"line":159,"column":45}}]},"13":{"loc":{"start":{"line":160,"column":16},"end":{"line":160,"column":45}},"type":"binary-expr","locations":[{"start":{"line":160,"column":16},"end":{"line":160,"column":28}},{"start":{"line":160,"column":32},"end":{"line":160,"column":45}}]},"14":{"loc":{"start":{"line":188,"column":6},"end":{"line":190,"column":7}},"type":"if","locations":[{"start":{"line":188,"column":6},"end":{"line":190,"column":7}},{"start":{},"end":{}}]},"15":{"loc":{"start":{"line":211,"column":4},"end":{"line":217,"column":5}},"type":"if","locations":[{"start":{"line":211,"column":4},"end":{"line":217,"column":5}},{"start":{},"end":{}}]},"16":{"loc":{"start":{"line":248,"column":4},"end":{"line":250,"column":5}},"type":"if","locations":[{"start":{"line":248,"column":4},"end":{"line":250,"column":5}},{"start":{},"end":{}}]},"17":{"loc":{"start":{"line":253,"column":4},"end":{"line":258,"column":5}},"type":"if","locations":[{"start":{"line":253,"column":4},"end":{"line":258,"column":5}},{"start":{},"end":{}}]},"18":{"loc":{"start":{"line":270,"column":32},"end":{"line":270,"column":61}},"type":"binary-expr","locations":[{"start":{"line":270,"column":32},"end":{"line":270,"column":56}},{"start":{"line":270,"column":60},"end":{"line":270,"column":61}}]},"19":{"loc":{"start":{"line":273,"column":4},"end":{"line":278,"column":5}},"type":"if","locations":[{"start":{"line":273,"column":4},"end":{"line":278,"column":5}},{"start":{},"end":{}}]},"20":{"loc":{"start":{"line":332,"column":8},"end":{"line":337,"column":9}},"type":"if","locations":[{"start":{"line":332,"column":8},"end":{"line":337,"column":9}},{"start":{"line":335,"column":15},"end":{"line":337,"column":9}}]},"21":{"loc":{"start":{"line":365,"column":6},"end":{"line":367,"column":7}},"type":"if","locations":[{"start":{"line":365,"column":6},"end":{"line":367,"column":7}},{"start":{},"end":{}}]},"22":{"loc":{"start":{"line":369,"column":6},"end":{"line":373,"column":7}},"type":"if","locations":[{"start":{"line":369,"column":6},"end":{"line":373,"column":7}},{"start":{},"end":{}}]},"23":{"loc":{"start":{"line":375,"column":6},"end":{"line":377,"column":7}},"type":"if","locations":[{"start":{"line":375,"column":6},"end":{"line":377,"column":7}},{"start":{},"end":{}}]},"24":{"loc":{"start":{"line":34,"column":31},"end":{"line":34,"column":53}},"type":"cond-expr","locations":[{"start":{"line":34,"column":41},"end":{"line":34,"column":53}},{"start":{"line":34,"column":41},"end":{"line":34,"column":53}}]},"25":{"loc":{"start":{"line":34,"column":31},"end":{"line":34,"column":41}},"type":"binary-expr","locations":[{"start":{"line":34,"column":31},"end":{"line":34,"column":53}},{"start":{"line":34,"column":31},"end":{"line":34,"column":41}}]},"26":{"loc":{"start":{"line":34,"column":41},"end":{"line":35,"column":null}},"type":"cond-expr","locations":[{"start":{"line":35,"column":45},"end":{"line":35,"column":null}},{"start":{"line":35,"column":45},"end":{"line":35,"column":null}}]},"27":{"loc":{"start":{"line":34,"column":41},"end":{"line":35,"column":45}},"type":"binary-expr","locations":[{"start":{"line":34,"column":41},"end":{"line":35,"column":null}},{"start":{"line":35,"column":34},"end":{"line":35,"column":45}}]},"28":{"loc":{"start":{"line":35,"column":45},"end":{"line":36,"column":null}},"type":"cond-expr","locations":[{"start":{"line":36,"column":51},"end":{"line":36,"column":null}},{"start":{"line":36,"column":51},"end":{"line":36,"column":null}}]},"29":{"loc":{"start":{"line":35,"column":45},"end":{"line":36,"column":51}},"type":"binary-expr","locations":[{"start":{"line":35,"column":45},"end":{"line":36,"column":null}},{"start":{"line":36,"column":37},"end":{"line":36,"column":51}}]},"30":{"loc":{"start":{"line":36,"column":51},"end":{"line":37,"column":null}},"type":"cond-expr","locations":[{"start":{"line":37,"column":49},"end":{"line":37,"column":null}},{"start":{"line":37,"column":49},"end":{"line":37,"column":null}}]},"31":{"loc":{"start":{"line":36,"column":51},"end":{"line":37,"column":49}},"type":"binary-expr","locations":[{"start":{"line":36,"column":51},"end":{"line":37,"column":null}},{"start":{"line":37,"column":36},"end":{"line":37,"column":49}}]}},"s":{"0":0,"1":0,"2":0,"3":0,"4":0,"5":0,"6":0,"7":0,"8":0,"9":0,"10":0,"11":0,"12":0,"13":0,"14":0,"15":0,"16":0,"17":0,"18":0,"19":0,"20":0,"21":0,"22":0,"23":0,"24":0,"25":0,"26":0,"27":0,"28":0,"29":0,"30":0,"31":0,"32":0,"33":0,"34":0,"35":0,"36":0,"37":0,"38":0,"39":0,"40":0,"41":0,"42":0,"43":0,"44":0,"45":0,"46":0,"47":0,"48":0,"49":0,"50":0,"51":0,"52":0,"53":0,"54":0,"55":0,"56":0,"57":0,"58":0,"59":0,"60":0,"61":0,"62":0,"63":0,"64":0,"65":0,"66":0,"67":0,"68":0,"69":0,"70":0,"71":0,"72":0,"73":0,"74":0,"75":0,"76":0,"77":0,"78":0,"79":0,"80":0,"81":0,"82":0,"83":0,"84":0,"85":0,"86":0,"87":0,"88":0,"89":0,"90":0,"91":0,"92":0,"93":0,"94":0,"95":0,"96":0,"97":0,"98":0,"99":0,"100":0,"101":0,"102":0,"103":0,"104":0,"105":0,"106":0,"107":0,"108":0,"109":0,"110":0,"111":0,"112":0,"113":0,"114":0,"115":0,"116":0,"117":0,"118":0,"119":0,"120":0,"121":0,"122":0,"123":0,"124":0,"125":0,"126":0,"127":0},"f":{"0":0,"1":0,"2":0,"3":0,"4":0,"5":0,"6":0,"7":0,"8":0,"9":0,"10":0,"11":0,"12":0,"13":0,"14":0,"15":0,"16":0,"17":0},"b":{"0":[0,0],"1":[0,0],"2":[0,0],"3":[0,0],"4":[0,0],"5":[0,0],"6":[0,0],"7":[0,0],"8":[0,0],"9":[0,0],"10":[0,0],"11":[0,0],"12":[0,0],"13":[0,0],"14":[0,0],"15":[0,0],"16":[0,0],"17":[0,0],"18":[0,0],"19":[0,0],"20":[0,0],"21":[0,0],"22":[0,0],"23":[0,0],"24":[0,0],"25":[0,0],"26":[0,0],"27":[0,0],"28":[0,0],"29":[0,0],"30":[0,0],"31":[0,0]}}
,"C:\\Users\\Agustin\\Desktop\\Proyectos\\myhotelflow\\My hotel flow codigo\\backend\\src\\modules\\users\\dto\\create-user.dto.ts": {"path":"C:\\Users\\Agustin\\Desktop\\Proyectos\\myhotelflow\\My hotel flow codigo\\backend\\src\\modules\\users\\dto\\create-user.dto.ts","statementMap":{"0":{"start":{"line":1,"column":0},"end":{"line":1,"column":109}},"1":{"start":{"line":2,"column":0},"end":{"line":2,"column":46}},"2":{"start":{"line":7,"column":0},"end":{"line":7,"column":13}},"3":{"start":{"line":16,"column":2},"end":{"line":16,"column":null}},"4":{"start":{"line":24,"column":2},"end":{"line":24,"column":null}},"5":{"start":{"line":34,"column":2},"end":{"line":34,"column":null}},"6":{"start":{"line":44,"column":2},"end":{"line":44,"column":null}},"7":{"start":{"line":54,"column":2},"end":{"line":54,"column":null}}},"fnMap":{},"branchMap":{},"s":{"0":0,"1":0,"2":0,"3":0,"4":0,"5":0,"6":0,"7":0},"f":{},"b":{}}
,"C:\\Users\\Agustin\\Desktop\\Proyectos\\myhotelflow\\My hotel flow codigo\\backend\\src\\modules\\users\\dto\\index.ts": {"path":"C:\\Users\\Agustin\\Desktop\\Proyectos\\myhotelflow\\My hotel flow codigo\\backend\\src\\modules\\users\\dto\\index.ts","statementMap":{"0":{"start":{"line":5,"column":0},"end":{"line":5,"column":34}},"1":{"start":{"line":6,"column":0},"end":{"line":6,"column":34}},"2":{"start":{"line":7,"column":0},"end":{"line":7,"column":38}},"3":{"start":{"line":8,"column":0},"end":{"line":8,"column":39}},"4":{"start":{"line":9,"column":0},"end":{"line":9,"column":37}}},"fnMap":{},"branchMap":{},"s":{"0":0,"1":0,"2":0,"3":0,"4":0},"f":{},"b":{}}
,"C:\\Users\\Agustin\\Desktop\\Proyectos\\myhotelflow\\My hotel flow codigo\\backend\\src\\modules\\users\\dto\\reset-password.dto.ts": {"path":"C:\\Users\\Agustin\\Desktop\\Proyectos\\myhotelflow\\My hotel flow codigo\\backend\\src\\modules\\users\\dto\\reset-password.dto.ts","statementMap":{"0":{"start":{"line":1,"column":0},"end":{"line":1,"column":54}},"1":{"start":{"line":2,"column":0},"end":{"line":2,"column":46}},"2":{"start":{"line":7,"column":0},"end":{"line":7,"column":13}},"3":{"start":{"line":15,"column":2},"end":{"line":15,"column":null}}},"fnMap":{},"branchMap":{},"s":{"0":0,"1":0,"2":0,"3":0},"f":{},"b":{}}
,"C:\\Users\\Agustin\\Desktop\\Proyectos\\myhotelflow\\My hotel flow codigo\\backend\\src\\modules\\users\\dto\\set-user-actions.dto.ts": {"path":"C:\\Users\\Agustin\\Desktop\\Proyectos\\myhotelflow\\My hotel flow codigo\\backend\\src\\modules\\users\\dto\\set-user-actions.dto.ts","statementMap":{"0":{"start":{"line":1,"column":0},"end":{"line":1,"column":52}},"1":{"start":{"line":2,"column":0},"end":{"line":2,"column":46}},"2":{"start":{"line":7,"column":0},"end":{"line":7,"column":13}},"3":{"start":{"line":15,"column":2},"end":{"line":15,"column":null}}},"fnMap":{},"branchMap":{},"s":{"0":0,"1":0,"2":0,"3":0},"f":{},"b":{}}
,"C:\\Users\\Agustin\\Desktop\\Proyectos\\myhotelflow\\My hotel flow codigo\\backend\\src\\modules\\users\\dto\\set-user-groups.dto.ts": {"path":"C:\\Users\\Agustin\\Desktop\\Proyectos\\myhotelflow\\My hotel flow codigo\\backend\\src\\modules\\users\\dto\\set-user-groups.dto.ts","statementMap":{"0":{"start":{"line":1,"column":0},"end":{"line":1,"column":52}},"1":{"start":{"line":2,"column":0},"end":{"line":2,"column":46}},"2":{"start":{"line":7,"column":0},"end":{"line":7,"column":13}},"3":{"start":{"line":15,"column":2},"end":{"line":15,"column":null}}},"fnMap":{},"branchMap":{},"s":{"0":0,"1":0,"2":0,"3":0},"f":{},"b":{}}
,"C:\\Users\\Agustin\\Desktop\\Proyectos\\myhotelflow\\My hotel flow codigo\\backend\\src\\modules\\users\\dto\\update-user.dto.ts": {"path":"C:\\Users\\Agustin\\Desktop\\Proyectos\\myhotelflow\\My hotel flow codigo\\backend\\src\\modules\\users\\dto\\update-user.dto.ts","statementMap":{"0":{"start":{"line":1,"column":0},"end":{"line":1,"column":46}},"1":{"start":{"line":2,"column":0},"end":{"line":2,"column":50}},"2":{"start":{"line":3,"column":0},"end":{"line":3,"column":55}},"3":{"start":{"line":4,"column":0},"end":{"line":4,"column":46}},"4":{"start":{"line":9,"column":0},"end":{"line":9,"column":13}},"5":{"start":{"line":16,"column":2},"end":{"line":16,"column":null}}},"fnMap":{},"branchMap":{},"s":{"0":0,"1":0,"2":0,"3":0,"4":0,"5":0},"f":{},"b":{}}
}
