TN:
SF:src\app.controller.ts
FN:6,(anonymous_2)
FN:9,(anonymous_3)
FNF:2
FNH:2
FNDA:1,(anonymous_2)
FNDA:1,(anonymous_3)
DA:1,1
DA:2,1
DA:5,1
DA:6,1
DA:9,1
DA:10,1
LF:6
LH:6
BRDA:6,0,0,1
BRDA:6,0,1,0
BRDA:6,1,0,1
BRDA:6,1,1,1
BRF:4
BRH:3
end_of_record
TN:
SF:src\app.module.ts
FNF:0
FNH:0
DA:1,0
DA:2,0
DA:3,0
DA:4,0
DA:5,0
DA:6,0
DA:7,0
DA:8,0
DA:9,0
DA:10,0
DA:11,0
DA:12,0
DA:31,0
LF:13
LH:0
BRF:0
BRH:0
end_of_record
TN:
SF:src\app.service.ts
FN:5,(anonymous_1)
FNF:1
FNH:1
FNDA:1,(anonymous_1)
DA:1,1
DA:4,1
DA:6,1
LF:3
LH:3
BRF:0
BRH:0
end_of_record
TN:
SF:src\main.ts
FN:7,bootstrap
FNF:1
FNH:0
FNDA:0,bootstrap
DA:1,0
DA:2,0
DA:3,0
DA:4,0
DA:5,0
DA:8,0
DA:11,0
DA:24,0
DA:30,0
DA:39,0
DA:62,0
DA:63,0
DA:65,0
DA:66,0
DA:68,0
DA:69,0
DA:72,0
LF:17
LH:0
BRDA:25,0,0,0
BRDA:25,0,1,0
BRDA:65,1,0,0
BRDA:65,1,1,0
BRF:4
BRH:0
end_of_record
TN:
SF:src\common\decorators\actions.decorator.ts
FN:17,(anonymous_0)
FNF:1
FNH:0
FNDA:0,(anonymous_0)
DA:1,0
DA:17,0
DA:18,0
LF:3
LH:0
BRF:0
BRH:0
end_of_record
TN:
SF:src\common\decorators\current-user.decorator.ts
FN:16,(anonymous_0)
FNF:1
FNH:0
FNDA:0,(anonymous_0)
DA:1,0
DA:15,0
DA:17,0
DA:18,0
LF:4
LH:0
BRF:0
BRH:0
end_of_record
TN:
SF:src\common\decorators\index.ts
FN:1,(anonymous_0)
FN:2,(anonymous_1)
FN:3,(anonymous_2)
FNF:3
FNH:0
FNDA:0,(anonymous_0)
FNDA:0,(anonymous_1)
FNDA:0,(anonymous_2)
DA:1,0
DA:2,0
DA:3,0
LF:3
LH:0
BRF:0
BRH:0
end_of_record
TN:
SF:src\common\decorators\public.decorator.ts
FN:15,(anonymous_0)
FNF:1
FNH:0
FNDA:0,(anonymous_0)
DA:1,0
DA:15,0
LF:2
LH:0
BRF:0
BRH:0
end_of_record
TN:
SF:src\common\guards\actions.guard.ts
FN:21,(anonymous_2)
FN:26,(anonymous_3)
FNF:2
FNH:0
FNDA:0,(anonymous_2)
FNDA:0,(anonymous_3)
DA:1,0
DA:8,0
DA:9,0
DA:18,0
DA:19,0
DA:22,0
DA:23,0
DA:28,0
DA:34,0
DA:35,0
DA:39,0
DA:44,0
DA:45,0
DA:49,0
DA:50,0
DA:52,0
DA:53,0
DA:54,0
DA:58,0
DA:63,0
DA:64,0
DA:67,0
DA:72,0
LF:23
LH:0
BRDA:34,0,0,0
BRDA:34,0,1,0
BRDA:34,1,0,0
BRDA:34,1,1,0
BRDA:44,2,0,0
BRDA:44,2,1,0
BRDA:52,3,0,0
BRDA:52,3,1,0
BRDA:63,4,0,0
BRDA:63,4,1,0
BRDA:22,5,0,0
BRDA:22,5,1,0
BRDA:22,6,0,0
BRDA:22,6,1,0
BRDA:22,7,0,0
BRDA:22,7,1,0
BRDA:22,8,0,0
BRDA:22,8,1,0
BRF:18
BRH:0
end_of_record
TN:
SF:src\common\guards\index.ts
FN:1,(anonymous_0)
FN:2,(anonymous_1)
FNF:2
FNH:0
FNDA:0,(anonymous_0)
FNDA:0,(anonymous_1)
DA:1,0
DA:2,0
LF:2
LH:0
BRF:0
BRH:0
end_of_record
TN:
SF:src\common\guards\jwt-auth.guard.ts
FN:12,(anonymous_2)
FN:16,(anonymous_3)
FNF:2
FNH:0
FNDA:0,(anonymous_2)
FNDA:0,(anonymous_3)
DA:1,0
DA:2,0
DA:3,0
DA:11,0
DA:12,0
DA:13,0
DA:18,0
DA:23,0
DA:24,0
DA:27,0
LF:10
LH:0
BRDA:23,0,0,0
BRDA:23,0,1,0
BRDA:12,1,0,0
BRDA:12,1,1,0
BRDA:12,2,0,0
BRDA:12,2,1,0
BRF:6
BRH:0
end_of_record
TN:
SF:src\common\logger\logger.module.ts
FNF:0
FNH:0
DA:1,0
DA:2,0
DA:9,0
LF:3
LH:0
BRF:0
BRH:0
end_of_record
TN:
SF:src\common\logger\logger.service.ts
FN:10,(anonymous_3)
FN:15,(anonymous_4)
FN:62,(anonymous_5)
FN:79,(anonymous_6)
FN:83,(anonymous_7)
FN:91,(anonymous_8)
FN:95,(anonymous_9)
FN:99,(anonymous_10)
FN:104,(anonymous_11)
FN:108,(anonymous_12)
FN:112,(anonymous_13)
FN:116,(anonymous_14)
FN:120,(anonymous_15)
FN:124,(anonymous_16)
FN:128,(anonymous_17)
FN:132,(anonymous_18)
FN:136,(anonymous_19)
FN:140,(anonymous_20)
FNF:18
FNH:0
FNDA:0,(anonymous_3)
FNDA:0,(anonymous_4)
FNDA:0,(anonymous_5)
FNDA:0,(anonymous_6)
FNDA:0,(anonymous_7)
FNDA:0,(anonymous_8)
FNDA:0,(anonymous_9)
FNDA:0,(anonymous_10)
FNDA:0,(anonymous_11)
FNDA:0,(anonymous_12)
FNDA:0,(anonymous_13)
FNDA:0,(anonymous_14)
FNDA:0,(anonymous_15)
FNDA:0,(anonymous_16)
FNDA:0,(anonymous_17)
FNDA:0,(anonymous_18)
FNDA:0,(anonymous_19)
FNDA:0,(anonymous_20)
DA:1,0
DA:2,0
DA:3,0
DA:6,0
DA:11,0
DA:14,0
DA:16,0
DA:17,0
DA:18,0
DA:19,0
DA:21,0
DA:22,0
DA:23,0
DA:26,0
DA:30,0
DA:63,0
DA:65,0
DA:67,0
DA:69,0
DA:71,0
DA:73,0
DA:75,0
DA:80,0
DA:84,0
DA:92,0
DA:96,0
DA:100,0
DA:105,0
DA:109,0
DA:113,0
DA:117,0
DA:121,0
DA:125,0
DA:129,0
DA:133,0
DA:137,0
DA:141,0
LF:37
LH:0
BRDA:16,0,0,0
BRDA:16,0,1,0
BRDA:19,1,0,0
BRDA:19,1,1,0
BRDA:22,2,0,0
BRDA:22,2,1,0
BRDA:31,3,0,0
BRDA:31,3,1,0
BRDA:45,4,0,0
BRDA:45,4,1,0
BRDA:63,5,0,0
BRDA:63,5,1,0
BRDA:63,5,2,0
BRDA:63,5,3,0
BRDA:63,5,4,0
BRDA:63,5,5,0
BRDA:80,6,0,0
BRDA:80,6,1,0
BRDA:83,7,0,0
BRDA:85,8,0,0
BRDA:85,8,1,0
BRDA:91,9,0,0
BRDA:92,10,0,0
BRDA:92,10,1,0
BRDA:95,11,0,0
BRDA:96,12,0,0
BRDA:96,12,1,0
BRDA:99,13,0,0
BRDA:100,14,0,0
BRDA:100,14,1,0
BRF:30
BRH:0
end_of_record
TN:
SF:src\common\services\authorization.service.ts
FN:18,(anonymous_4)
FN:35,(anonymous_5)
FN:88,(anonymous_6)
FN:100,(anonymous_7)
FN:122,(anonymous_8)
FN:140,(anonymous_9)
FN:155,(anonymous_10)
FNF:7
FNH:4
FNDA:15,(anonymous_4)
FNDA:14,(anonymous_5)
FNDA:0,(anonymous_6)
FNDA:0,(anonymous_7)
FNDA:0,(anonymous_8)
FNDA:2,(anonymous_9)
FNDA:28,(anonymous_10)
DA:1,1
DA:2,1
DA:3,1
DA:4,1
DA:6,1
DA:14,1
DA:15,15
DA:16,15
DA:20,15
DA:22,15
DA:24,15
DA:36,14
DA:39,14
DA:40,14
DA:41,2
DA:42,2
DA:45,12
DA:48,12
DA:53,12
DA:54,0
DA:57,12
DA:60,12
DA:61,9
DA:65,12
DA:66,12
DA:67,17
DA:71,12
DA:72,12
DA:74,12
DA:78,12
DA:89,0
DA:90,0
DA:101,0
DA:103,0
DA:104,0
DA:105,0
DA:108,0
DA:112,0
DA:123,0
DA:125,0
DA:126,0
DA:127,0
DA:131,0
DA:141,2
DA:142,2
DA:143,2
DA:161,28
DA:162,0
DA:165,28
DA:168,28
DA:173,28
DA:174,0
DA:178,28
DA:179,35
DA:183,28
DA:184,28
DA:185,11
LF:57
LH:41
BRDA:40,0,0,2
BRDA:40,0,1,12
BRDA:53,1,0,0
BRDA:53,1,1,12
BRDA:104,2,0,0
BRDA:104,2,1,0
BRDA:126,3,0,0
BRDA:126,3,1,0
BRDA:161,4,0,0
BRDA:161,4,1,28
BRDA:173,5,0,0
BRDA:173,5,1,28
BRDA:183,6,0,28
BRDA:183,6,1,0
BRDA:20,7,0,1
BRDA:20,7,1,0
BRDA:20,8,0,1
BRDA:20,8,1,1
BRDA:20,9,0,1
BRDA:20,9,1,0
BRDA:20,10,0,1
BRDA:20,10,1,1
BRF:22
BRH:12
end_of_record
TN:
SF:src\common\services\hash.service.ts
FN:14,(anonymous_11)
FN:28,(anonymous_12)
FN:38,(anonymous_13)
FN:51,(anonymous_14)
FNF:4
FNH:3
FNDA:12,(anonymous_11)
FNDA:12,(anonymous_12)
FNDA:26,(anonymous_13)
FNDA:0,(anonymous_14)
DA:1,1
DA:2,1
DA:3,1
DA:11,1
DA:14,12
DA:15,12
DA:29,12
DA:39,26
DA:40,26
DA:42,1
DA:52,0
LF:11
LH:10
BRDA:14,0,0,1
BRDA:14,0,1,0
BRDA:14,1,0,1
BRDA:14,1,1,1
BRF:4
BRH:3
end_of_record
TN:
SF:src\common\services\index.ts
FNF:0
FNH:0
DA:5,0
DA:6,0
DA:7,0
LF:3
LH:0
BRF:0
BRH:0
end_of_record
TN:
SF:src\common\services\token.service.ts
FN:38,(anonymous_4)
FN:52,(anonymous_5)
FN:102,(anonymous_6)
FN:128,(anonymous_7)
FN:156,(anonymous_8)
FN:168,(anonymous_9)
FN:182,(anonymous_10)
FN:203,(anonymous_11)
FNF:8
FNH:7
FNDA:16,(anonymous_4)
FNDA:11,(anonymous_5)
FNDA:13,(anonymous_6)
FNDA:1,(anonymous_7)
FNDA:13,(anonymous_8)
FNDA:0,(anonymous_9)
FNDA:12,(anonymous_10)
FNDA:1,(anonymous_11)
DA:1,1
DA:2,1
DA:3,1
DA:4,1
DA:5,1
DA:6,1
DA:7,1
DA:37,1
DA:39,16
DA:40,16
DA:42,16
DA:53,11
DA:54,11
DA:56,11
DA:64,11
DA:73,11
DA:75,11
DA:77,11
DA:81,11
DA:86,11
DA:88,11
DA:103,13
DA:104,13
DA:107,11
DA:108,1
DA:111,10
DA:113,3
DA:114,1
DA:116,2
DA:136,1
DA:137,1
DA:139,1
DA:148,1
DA:157,13
DA:161,13
DA:169,0
DA:175,0
DA:183,12
DA:184,12
DA:186,12
DA:188,0
DA:190,12
DA:192,0
DA:194,0
DA:196,0
DA:204,1
DA:205,1
LF:47
LH:41
BRDA:73,0,0,11
BRDA:73,0,1,0
BRDA:75,1,0,11
BRDA:75,1,1,0
BRDA:107,2,0,1
BRDA:107,2,1,10
BRDA:113,3,0,1
BRDA:113,3,1,2
BRDA:136,4,0,1
BRDA:136,4,1,0
BRDA:175,5,0,0
BRDA:175,5,1,0
BRDA:186,6,0,0
BRDA:186,6,1,12
BRDA:186,6,2,0
BRDA:186,6,3,0
BRDA:186,6,4,0
BRDA:39,7,0,1
BRDA:39,7,1,0
BRDA:39,8,0,1
BRDA:39,8,1,1
BRDA:39,9,0,1
BRDA:39,9,1,0
BRDA:39,10,0,1
BRDA:39,10,1,1
BRDA:40,11,0,1
BRDA:40,11,1,0
BRDA:40,12,0,1
BRDA:40,12,1,1
BRF:29
BRH:17
end_of_record
TN:
SF:src\config\configuration.ts
FN:6,(anonymous_0)
FNF:1
FNH:0
FNDA:0,(anonymous_0)
DA:6,0
LF:1
LH:0
BRDA:9,0,0,0
BRDA:9,0,1,0
BRDA:10,1,0,0
BRDA:10,1,1,0
BRDA:11,2,0,0
BRDA:11,2,1,0
BRDA:12,3,0,0
BRDA:12,3,1,0
BRDA:13,4,0,0
BRDA:13,4,1,0
BRDA:14,5,0,0
BRDA:14,5,1,0
BRDA:15,6,0,0
BRDA:15,6,1,0
BRDA:19,7,0,0
BRDA:19,7,1,0
BRDA:20,8,0,0
BRDA:20,8,1,0
BRDA:21,9,0,0
BRDA:21,9,1,0
BRDA:26,10,0,0
BRDA:26,10,1,0
BRDA:27,11,0,0
BRDA:27,11,1,0
BRDA:28,12,0,0
BRDA:28,12,1,0
BRDA:31,13,0,0
BRDA:31,13,1,0
BRDA:32,14,0,0
BRDA:32,14,1,0
BRDA:34,15,0,0
BRDA:34,15,1,0
BRDA:37,16,0,0
BRDA:37,16,1,0
BRDA:38,17,0,0
BRDA:38,17,1,0
BRDA:40,18,0,0
BRDA:40,18,1,0
BRDA:44,19,0,0
BRDA:44,19,1,0
BRDA:49,20,0,0
BRDA:49,20,1,0
BRDA:53,21,0,0
BRDA:53,21,1,0
BRDA:54,22,0,0
BRDA:54,22,1,0
BRDA:55,23,0,0
BRDA:55,23,1,0
BRF:48
BRH:0
end_of_record
TN:
SF:src\infra\cache\cache.module.ts
FN:18,(anonymous_1)
FNF:1
FNH:0
FNDA:0,(anonymous_1)
DA:1,0
DA:2,0
DA:3,0
DA:22,0
DA:34,0
LF:5
LH:0
BRF:0
BRH:0
end_of_record
TN:
SF:src\infra\database\data-source.ts
FNF:0
FNH:0
DA:1,0
DA:2,0
DA:5,0
DA:12,0
LF:4
LH:0
BRDA:14,0,0,0
BRDA:14,0,1,0
BRDA:15,1,0,0
BRDA:15,1,1,0
BRDA:16,2,0,0
BRDA:16,2,1,0
BRDA:17,3,0,0
BRDA:17,3,1,0
BRDA:18,4,0,0
BRDA:18,4,1,0
BRF:10
BRH:0
end_of_record
TN:
SF:src\infra\database\database.module.ts
FN:22,(anonymous_1)
FNF:1
FNH:0
FNDA:0,(anonymous_1)
DA:1,0
DA:2,0
DA:3,0
DA:4,0
DA:22,0
DA:43,0
LF:6
LH:0
BRF:0
BRH:0
end_of_record
TN:
SF:src\infra\database\entities\action.entity.ts
FNF:0
FNH:0
DA:1,2
DA:9,2
DA:11,2
DA:19,2
DA:25,2
DA:31,2
DA:38,2
DA:41,2
DA:44,2
LF:9
LH:9
BRDA:41,0,0,2
BRDA:41,0,1,0
BRDA:41,1,0,2
BRDA:41,1,1,2
BRDA:44,2,0,2
BRDA:44,2,1,0
BRDA:44,3,0,2
BRDA:44,3,1,2
BRF:8
BRH:6
end_of_record
TN:
SF:src\infra\database\entities\audit-log.entity.ts
FNF:0
FNH:0
DA:1,2
DA:11,2
DA:13,2
DA:20,2
DA:26,2
DA:33,2
DA:40,2
DA:46,2
DA:53,2
DA:59,2
DA:66,2
DA:72,2
DA:78,2
DA:85,2
DA:88,2
LF:15
LH:15
BRDA:66,0,0,0
BRDA:66,0,1,2
BRDA:66,1,0,2
BRDA:66,1,1,0
BRDA:88,2,0,2
BRDA:88,2,1,0
BRDA:88,3,0,2
BRDA:88,3,1,2
BRF:8
BRH:5
end_of_record
TN:
SF:src\infra\database\entities\group.entity.ts
FN:47,(anonymous_2)
FN:61,(anonymous_3)
FNF:2
FNH:0
FNDA:0,(anonymous_2)
FNDA:0,(anonymous_3)
DA:1,2
DA:10,2
DA:20,2
DA:22,2
DA:29,2
DA:35,2
DA:41,2
DA:47,0
DA:53,2
DA:61,0
DA:67,2
DA:70,2
DA:73,2
LF:13
LH:11
BRDA:70,0,0,2
BRDA:70,0,1,0
BRDA:70,1,0,2
BRDA:70,1,1,2
BRDA:73,2,0,2
BRDA:73,2,1,0
BRDA:73,3,0,2
BRDA:73,3,1,2
BRF:8
BRH:6
end_of_record
TN:
SF:src\infra\database\entities\index.ts
FNF:0
FNH:0
DA:6,2
DA:7,2
DA:8,2
DA:9,2
DA:10,2
LF:5
LH:5
BRF:0
BRH:0
end_of_record
TN:
SF:src\infra\database\entities\revoked-token.entity.ts
FNF:0
FNH:0
DA:1,2
DA:10,2
DA:12,2
DA:18,2
DA:24,2
DA:31,2
DA:38,2
DA:45,2
DA:51,2
DA:54,2
LF:10
LH:10
BRDA:45,0,0,2
BRDA:45,0,1,0
BRDA:45,1,0,2
BRDA:45,1,1,2
BRDA:54,2,0,2
BRDA:54,2,1,0
BRDA:54,3,0,2
BRDA:54,3,1,2
BRF:8
BRH:6
end_of_record
TN:
SF:src\infra\database\entities\user.entity.ts
FN:81,(anonymous_2)
FN:93,(anonymous_3)
FNF:2
FNH:0
FNDA:0,(anonymous_2)
FNDA:0,(anonymous_3)
DA:1,2
DA:10,2
DA:11,2
DA:20,2
DA:22,2
DA:28,2
DA:34,2
DA:41,2
DA:47,2
DA:54,2
DA:60,2
DA:67,2
DA:74,2
DA:81,0
DA:87,2
DA:93,0
DA:99,2
DA:106,2
DA:112,2
DA:115,2
DA:118,2
LF:21
LH:19
BRDA:60,0,0,2
BRDA:60,0,1,0
BRDA:60,1,0,2
BRDA:60,1,1,2
BRDA:74,2,0,2
BRDA:74,2,1,0
BRDA:74,3,0,2
BRDA:74,3,1,2
BRDA:112,4,0,2
BRDA:112,4,1,0
BRDA:112,5,0,2
BRDA:112,5,1,2
BRDA:115,6,0,2
BRDA:115,6,1,0
BRDA:115,7,0,2
BRDA:115,7,1,2
BRDA:118,8,0,2
BRDA:118,8,1,0
BRDA:118,9,0,2
BRDA:118,9,1,2
BRF:20
BRH:15
end_of_record
TN:
SF:src\infra\database\migrations\1700000000000-CreateSecurityTables.ts
FN:11,(anonymous_0)
FN:151,(anonymous_1)
FNF:2
FNH:0
FNDA:0,(anonymous_0)
FNDA:0,(anonymous_1)
DA:8,0
DA:9,0
DA:13,0
DA:26,0
DA:38,0
DA:57,0
DA:71,0
DA:86,0
DA:99,0
DA:112,0
DA:125,0
DA:138,0
DA:139,0
DA:140,0
DA:141,0
DA:142,0
DA:143,0
DA:144,0
DA:145,0
DA:146,0
DA:147,0
DA:148,0
DA:153,0
DA:154,0
DA:155,0
DA:156,0
DA:157,0
DA:158,0
DA:159,0
DA:160,0
DA:161,0
LF:31
LH:0
BRF:0
BRH:0
end_of_record
TN:
SF:src\infra\database\seeds\run-seeds.ts
FN:11,runSeeds
FNF:1
FNH:0
FNDA:0,runSeeds
DA:1,0
DA:2,0
DA:3,0
DA:4,0
DA:5,0
DA:12,0
DA:14,0
DA:16,0
DA:18,0
DA:19,0
DA:20,0
DA:23,0
DA:24,0
DA:25,0
DA:28,0
DA:29,0
DA:30,0
DA:32,0
DA:34,0
DA:35,0
DA:37,0
DA:41,0
LF:22
LH:0
BRF:0
BRH:0
end_of_record
TN:
SF:src\modules\actions\actions.controller.ts
FN:31,(anonymous_4)
FN:43,(anonymous_5)
FN:53,(anonymous_6)
FN:63,(anonymous_7)
FN:77,(anonymous_8)
FN:91,(anonymous_9)
FN:109,(anonymous_10)
FN:120,(anonymous_11)
FNF:8
FNH:0
FNDA:0,(anonymous_4)
FNDA:0,(anonymous_5)
FNDA:0,(anonymous_6)
FNDA:0,(anonymous_7)
FNDA:0,(anonymous_8)
FNDA:0,(anonymous_9)
FNDA:0,(anonymous_10)
FNDA:0,(anonymous_11)
DA:1,0
DA:13,0
DA:19,0
DA:20,0
DA:30,0
DA:31,0
DA:43,0
DA:44,0
DA:53,0
DA:54,0
DA:63,0
DA:64,0
DA:77,0
DA:78,0
DA:91,0
DA:95,0
DA:109,0
DA:110,0
DA:120,0
DA:121,0
DA:122,0
LF:21
LH:0
BRDA:43,0,0,0
BRDA:43,0,1,0
BRDA:43,1,0,0
BRDA:43,1,1,0
BRDA:93,2,0,0
BRDA:93,2,1,0
BRDA:93,3,0,0
BRDA:93,3,1,0
BRDA:31,4,0,0
BRDA:31,4,1,0
BRDA:31,5,0,0
BRDA:31,5,1,0
BRF:12
BRH:0
end_of_record
TN:
SF:src\modules\actions\actions.module.ts
FNF:0
FNH:0
DA:1,0
DA:2,0
DA:3,0
DA:4,0
DA:5,0
DA:18,0
LF:6
LH:0
BRF:0
BRH:0
end_of_record
TN:
SF:src\modules\actions\actions.service.ts
FN:21,(anonymous_4)
FN:30,(anonymous_5)
FN:57,(anonymous_6)
FN:66,(anonymous_7)
FN:79,(anonymous_8)
FN:87,(anonymous_9)
FN:100,(anonymous_10)
FN:110,(anonymous_11)
FN:140,(anonymous_12)
FN:151,(anonymous_13)
FN:160,(anonymous_14)
FNF:11
FNH:0
FNDA:0,(anonymous_4)
FNDA:0,(anonymous_5)
FNDA:0,(anonymous_6)
FNDA:0,(anonymous_7)
FNDA:0,(anonymous_8)
FNDA:0,(anonymous_9)
FNDA:0,(anonymous_10)
FNDA:0,(anonymous_11)
FNDA:0,(anonymous_12)
FNDA:0,(anonymous_13)
FNDA:0,(anonymous_14)
DA:1,0
DA:6,0
DA:7,0
DA:8,0
DA:10,0
DA:18,0
DA:19,0
DA:23,0
DA:32,0
DA:33,0
DA:34,0
DA:40,0
DA:42,0
DA:47,0
DA:48,0
DA:50,0
DA:58,0
DA:67,0
DA:69,0
DA:70,0
DA:73,0
DA:80,0
DA:88,0
DA:89,0
DA:92,0
DA:101,0
DA:111,0
DA:114,0
DA:115,0
DA:116,0
DA:117,0
DA:124,0
DA:125,0
DA:128,0
DA:129,0
DA:131,0
DA:133,0
DA:141,0
DA:142,0
DA:144,0
DA:152,0
DA:153,0
DA:161,0
DA:413,0
DA:414,0
DA:416,0
DA:418,0
DA:419,0
DA:420,0
DA:421,0
DA:422,0
DA:423,0
DA:425,0
DA:428,0
DA:435,0
LF:55
LH:0
BRDA:33,0,0,0
BRDA:33,0,1,0
BRDA:40,1,0,0
BRDA:40,1,1,0
BRDA:69,2,0,0
BRDA:69,2,1,0
BRDA:88,3,0,0
BRDA:88,3,1,0
BRDA:88,4,0,0
BRDA:88,4,1,0
BRDA:114,5,0,0
BRDA:114,5,1,0
BRDA:114,6,0,0
BRDA:114,6,1,0
BRDA:116,7,0,0
BRDA:116,7,1,0
BRDA:124,8,0,0
BRDA:124,8,1,0
BRDA:124,9,0,0
BRDA:124,9,1,0
BRDA:153,10,0,0
BRDA:153,10,1,0
BRDA:421,11,0,0
BRDA:421,11,1,0
BRDA:23,12,0,0
BRDA:23,12,1,0
BRDA:23,13,0,0
BRDA:23,13,1,0
BRF:28
BRH:0
end_of_record
TN:
SF:src\modules\actions\dto\create-action.dto.ts
FNF:0
FNH:0
DA:1,0
DA:2,0
DA:8,0
DA:16,0
DA:25,0
DA:34,0
DA:44,0
LF:7
LH:0
BRF:0
BRH:0
end_of_record
TN:
SF:src\modules\actions\dto\index.ts
FNF:0
FNH:0
DA:5,0
DA:6,0
LF:2
LH:0
BRF:0
BRH:0
end_of_record
TN:
SF:src\modules\actions\dto\update-action.dto.ts
FNF:0
FNH:0
DA:1,0
DA:2,0
DA:8,0
LF:3
LH:0
BRF:0
BRH:0
end_of_record
TN:
SF:src\modules\auth\auth.controller.ts
FN:39,(anonymous_4)
FN:47,(anonymous_5)
FN:58,(anonymous_6)
FN:70,(anonymous_7)
FN:86,(anonymous_8)
FN:98,(anonymous_9)
FN:109,(anonymous_10)
FN:121,(anonymous_11)
FNF:8
FNH:0
FNDA:0,(anonymous_4)
FNDA:0,(anonymous_5)
FNDA:0,(anonymous_6)
FNDA:0,(anonymous_7)
FNDA:0,(anonymous_8)
FNDA:0,(anonymous_9)
FNDA:0,(anonymous_10)
FNDA:0,(anonymous_11)
DA:1,0
DA:13,0
DA:14,0
DA:15,0
DA:36,0
DA:37,0
DA:39,0
DA:47,0
DA:48,0
DA:49,0
DA:58,0
DA:59,0
DA:70,0
DA:71,0
DA:72,0
DA:74,0
DA:75,0
DA:86,0
DA:87,0
DA:88,0
DA:89,0
DA:98,0
DA:99,0
DA:100,0
DA:109,0
DA:110,0
DA:111,0
DA:121,0
DA:122,0
DA:123,0
LF:30
LH:0
BRDA:72,0,0,0
BRDA:72,0,1,0
BRDA:47,1,0,0
BRDA:47,1,1,0
BRDA:47,2,0,0
BRDA:47,2,1,0
BRDA:58,3,0,0
BRDA:58,3,1,0
BRDA:58,4,0,0
BRDA:58,4,1,0
BRDA:86,5,0,0
BRDA:86,5,1,0
BRDA:86,6,0,0
BRDA:86,6,1,0
BRDA:98,7,0,0
BRDA:98,7,1,0
BRDA:98,8,0,0
BRDA:98,8,1,0
BRDA:109,9,0,0
BRDA:109,9,1,0
BRDA:109,10,0,0
BRDA:109,10,1,0
BRDA:39,11,0,0
BRDA:39,11,1,0
BRDA:39,12,0,0
BRDA:39,12,1,0
BRF:26
BRH:0
end_of_record
TN:
SF:src\modules\auth\auth.module.ts
FN:25,(anonymous_1)
FNF:1
FNH:0
FNDA:0,(anonymous_1)
DA:1,0
DA:2,0
DA:3,0
DA:4,0
DA:5,0
DA:6,0
DA:7,0
DA:8,0
DA:9,0
DA:10,0
DA:11,0
DA:25,0
DA:39,0
LF:13
LH:0
BRDA:26,0,0,0
BRDA:26,0,1,0
BRDA:28,1,0,0
BRDA:28,1,1,0
BRF:4
BRH:0
end_of_record
TN:
SF:src\modules\auth\auth.service.ts
FN:37,(anonymous_2)
FN:48,(anonymous_3)
FN:104,(anonymous_4)
FN:132,(anonymous_5)
FN:188,(anonymous_6)
FN:228,(anonymous_7)
FN:263,(anonymous_8)
FN:294,(anonymous_9)
FN:324,(anonymous_10)
FNF:9
FNH:0
FNDA:0,(anonymous_2)
FNDA:0,(anonymous_3)
FNDA:0,(anonymous_4)
FNDA:0,(anonymous_5)
FNDA:0,(anonymous_6)
FNDA:0,(anonymous_7)
FNDA:0,(anonymous_8)
FNDA:0,(anonymous_9)
FNDA:0,(anonymous_10)
DA:1,0
DA:6,0
DA:7,0
DA:8,0
DA:9,0
DA:18,0
DA:34,0
DA:35,0
DA:38,0
DA:39,0
DA:40,0
DA:41,0
DA:53,0
DA:54,0
DA:55,0
DA:58,0
DA:59,0
DA:63,0
DA:64,0
DA:65,0
DA:68,0
DA:74,0
DA:75,0
DA:76,0
DA:80,0
DA:85,0
DA:87,0
DA:88,0
DA:91,0
DA:95,0
DA:96,0
DA:98,0
DA:105,0
DA:107,0
DA:108,0
DA:112,0
DA:119,0
DA:121,0
DA:125,0
DA:133,0
DA:135,0
DA:141,0
DA:142,0
DA:143,0
DA:147,0
DA:155,0
DA:157,0
DA:158,0
DA:161,0
DA:165,0
DA:171,0
DA:175,0
DA:177,0
DA:181,0
DA:193,0
DA:195,0
DA:199,0
DA:207,0
DA:211,0
DA:218,0
DA:220,0
DA:232,0
DA:235,0
DA:240,0
DA:241,0
DA:245,0
DA:246,0
DA:252,0
DA:256,0
DA:264,0
DA:267,0
DA:268,0
DA:271,0
DA:275,0
DA:276,0
DA:279,0
DA:280,0
DA:282,0
DA:286,0
DA:295,0
DA:299,0
DA:300,0
DA:304,0
DA:305,0
DA:309,0
DA:314,0
DA:315,0
DA:316,0
DA:318,0
DA:325,0
LF:90
LH:0
BRDA:54,0,0,0
BRDA:54,0,1,0
BRDA:58,1,0,0
BRDA:58,1,1,0
BRDA:64,2,0,0
BRDA:64,2,1,0
BRDA:74,3,0,0
BRDA:74,3,1,0
BRDA:85,4,0,0
BRDA:85,4,1,0
BRDA:107,5,0,0
BRDA:107,5,1,0
BRDA:142,6,0,0
BRDA:142,6,1,0
BRDA:157,7,0,0
BRDA:157,7,1,0
BRDA:240,8,0,0
BRDA:240,8,1,0
BRDA:245,9,0,0
BRDA:245,9,1,0
BRDA:267,10,0,0
BRDA:267,10,1,0
BRDA:299,11,0,0
BRDA:299,11,1,0
BRDA:304,12,0,0
BRDA:304,12,1,0
BRDA:304,13,0,0
BRDA:304,13,1,0
BRDA:38,14,0,0
BRDA:38,14,1,0
BRDA:38,15,0,0
BRDA:38,15,1,0
BRDA:38,16,0,0
BRDA:38,16,1,0
BRDA:38,17,0,0
BRDA:38,17,1,0
BRDA:39,18,0,0
BRDA:39,18,1,0
BRDA:39,19,0,0
BRDA:39,19,1,0
BRDA:40,20,0,0
BRDA:40,20,1,0
BRDA:40,21,0,0
BRDA:40,21,1,0
BRF:44
BRH:0
end_of_record
TN:
SF:src\modules\auth\dto\change-password.dto.ts
FNF:0
FNH:0
DA:1,0
DA:8,0
DA:15,0
DA:24,0
LF:4
LH:0
BRF:0
BRH:0
end_of_record
TN:
SF:src\modules\auth\dto\index.ts
FN:1,(anonymous_0)
FN:2,(anonymous_1)
FN:3,(anonymous_2)
FN:4,(anonymous_3)
FN:5,(anonymous_4)
FNF:5
FNH:0
FNDA:0,(anonymous_0)
FNDA:0,(anonymous_1)
FNDA:0,(anonymous_2)
FNDA:0,(anonymous_3)
FNDA:0,(anonymous_4)
DA:1,0
DA:2,0
DA:3,0
DA:4,0
DA:5,0
LF:5
LH:0
BRF:0
BRH:0
end_of_record
TN:
SF:src\modules\auth\dto\login.dto.ts
FNF:0
FNH:0
DA:1,0
DA:8,0
DA:15,0
DA:24,0
LF:4
LH:0
BRF:0
BRH:0
end_of_record
TN:
SF:src\modules\auth\dto\recover-confirm.dto.ts
FNF:0
FNH:0
DA:1,0
DA:8,0
DA:15,0
DA:24,0
LF:4
LH:0
BRF:0
BRH:0
end_of_record
TN:
SF:src\modules\auth\dto\recover-request.dto.ts
FNF:0
FNH:0
DA:1,0
DA:8,0
DA:15,0
LF:3
LH:0
BRF:0
BRH:0
end_of_record
TN:
SF:src\modules\auth\dto\refresh.dto.ts
FNF:0
FNH:0
DA:1,0
DA:8,0
DA:15,0
LF:3
LH:0
BRF:0
BRH:0
end_of_record
TN:
SF:src\modules\auth\strategies\index.ts
FN:1,(anonymous_0)
FN:2,(anonymous_1)
FNF:2
FNH:0
FNDA:0,(anonymous_0)
FNDA:0,(anonymous_1)
DA:1,0
DA:2,0
LF:2
LH:0
BRF:0
BRH:0
end_of_record
TN:
SF:src\modules\auth\strategies\jwt.strategy.ts
FN:30,(anonymous_2)
FN:46,(anonymous_3)
FNF:2
FNH:0
FNDA:0,(anonymous_2)
FNDA:0,(anonymous_3)
DA:1,0
DA:2,0
DA:3,0
DA:4,0
DA:5,0
DA:6,0
DA:27,0
DA:28,0
DA:31,0
DA:32,0
DA:33,0
DA:35,0
DA:48,0
DA:49,0
DA:53,0
DA:54,0
DA:55,0
DA:56,0
DA:60,0
DA:61,0
DA:62,0
DA:66,0
LF:22
LH:0
BRDA:38,0,0,0
BRDA:38,0,1,0
BRDA:48,1,0,0
BRDA:48,1,1,0
BRDA:54,2,0,0
BRDA:54,2,1,0
BRDA:61,3,0,0
BRDA:61,3,1,0
BRDA:61,4,0,0
BRDA:61,4,1,0
BRDA:31,5,0,0
BRDA:31,5,1,0
BRDA:31,6,0,0
BRDA:31,6,1,0
BRDA:31,7,0,0
BRDA:31,7,1,0
BRDA:31,8,0,0
BRDA:31,8,1,0
BRDA:32,9,0,0
BRDA:32,9,1,0
BRDA:32,10,0,0
BRDA:32,10,1,0
BRF:22
BRH:0
end_of_record
TN:
SF:src\modules\auth\strategies\local.strategy.ts
FN:16,(anonymous_2)
FN:28,(anonymous_3)
FNF:2
FNH:0
FNDA:0,(anonymous_2)
FNDA:0,(anonymous_3)
DA:1,0
DA:2,0
DA:3,0
DA:4,0
DA:13,0
DA:14,0
DA:16,0
DA:18,0
DA:29,0
DA:31,0
DA:32,0
DA:33,0
DA:36,0
LF:13
LH:0
BRDA:31,0,0,0
BRDA:31,0,1,0
BRDA:16,1,0,0
BRDA:16,1,1,0
BRDA:16,2,0,0
BRDA:16,2,1,0
BRF:6
BRH:0
end_of_record
TN:
SF:src\modules\groups\groups.controller.ts
FN:36,(anonymous_4)
FN:48,(anonymous_5)
FN:58,(anonymous_6)
FN:72,(anonymous_7)
FN:84,(anonymous_8)
FN:99,(anonymous_9)
FN:117,(anonymous_10)
FN:131,(anonymous_11)
FN:148,(anonymous_12)
FN:162,(anonymous_13)
FNF:10
FNH:0
FNDA:0,(anonymous_4)
FNDA:0,(anonymous_5)
FNDA:0,(anonymous_6)
FNDA:0,(anonymous_7)
FNDA:0,(anonymous_8)
FNDA:0,(anonymous_9)
FNDA:0,(anonymous_10)
FNDA:0,(anonymous_11)
FNDA:0,(anonymous_12)
FNDA:0,(anonymous_13)
DA:1,0
DA:13,0
DA:19,0
DA:20,0
DA:35,0
DA:36,0
DA:48,0
DA:49,0
DA:58,0
DA:59,0
DA:72,0
DA:73,0
DA:84,0
DA:85,0
DA:86,0
DA:99,0
DA:103,0
DA:117,0
DA:118,0
DA:131,0
DA:135,0
DA:148,0
DA:152,0
DA:162,0
DA:163,0
DA:164,0
LF:26
LH:0
BRDA:48,0,0,0
BRDA:48,0,1,0
BRDA:48,1,0,0
BRDA:48,1,1,0
BRDA:101,2,0,0
BRDA:101,2,1,0
BRDA:101,3,0,0
BRDA:101,3,1,0
BRDA:133,4,0,0
BRDA:133,4,1,0
BRDA:133,5,0,0
BRDA:133,5,1,0
BRDA:150,6,0,0
BRDA:150,6,1,0
BRDA:150,7,0,0
BRDA:150,7,1,0
BRDA:36,8,0,0
BRDA:36,8,1,0
BRDA:36,9,0,0
BRDA:36,9,1,0
BRF:20
BRH:0
end_of_record
TN:
SF:src\modules\groups\groups.module.ts
FNF:0
FNH:0
DA:1,0
DA:2,0
DA:3,0
DA:4,0
DA:5,0
DA:6,0
DA:19,0
LF:7
LH:0
BRF:0
BRH:0
end_of_record
TN:
SF:src\modules\groups\groups.service.ts
FN:27,(anonymous_4)
FN:36,(anonymous_5)
FN:56,(anonymous_6)
FN:66,(anonymous_7)
FN:83,(anonymous_8)
FN:93,(anonymous_9)
FN:118,(anonymous_10)
FN:129,(anonymous_11)
FN:140,(anonymous_12)
FN:141,(anonymous_13)
FN:162,(anonymous_14)
FN:208,(anonymous_15)
FN:265,(anonymous_16)
FN:278,(anonymous_17)
FN:317,(anonymous_18)
FNF:15
FNH:0
FNDA:0,(anonymous_4)
FNDA:0,(anonymous_5)
FNDA:0,(anonymous_6)
FNDA:0,(anonymous_7)
FNDA:0,(anonymous_8)
FNDA:0,(anonymous_9)
FNDA:0,(anonymous_10)
FNDA:0,(anonymous_11)
FNDA:0,(anonymous_12)
FNDA:0,(anonymous_13)
FNDA:0,(anonymous_14)
FNDA:0,(anonymous_15)
FNDA:0,(anonymous_16)
FNDA:0,(anonymous_17)
FNDA:0,(anonymous_18)
DA:1,0
DA:6,0
DA:7,0
DA:8,0
DA:9,0
DA:10,0
DA:24,0
DA:25,0
DA:29,0
DA:30,0
DA:38,0
DA:39,0
DA:40,0
DA:45,0
DA:46,0
DA:48,0
DA:50,0
DA:57,0
DA:67,0
DA:72,0
DA:73,0
DA:76,0
DA:84,0
DA:94,0
DA:97,0
DA:98,0
DA:99,0
DA:100,0
DA:106,0
DA:107,0
DA:109,0
DA:111,0
DA:119,0
DA:120,0
DA:122,0
DA:133,0
DA:136,0
DA:139,0
DA:140,0
DA:141,0
DA:142,0
DA:147,0
DA:148,0
DA:150,0
DA:154,0
DA:166,0
DA:169,0
DA:170,0
DA:171,0
DA:172,0
DA:173,0
DA:175,0
DA:179,0
DA:180,0
DA:181,0
DA:187,0
DA:188,0
DA:190,0
DA:194,0
DA:213,0
DA:214,0
DA:218,0
DA:221,0
DA:223,0
DA:224,0
DA:227,0
DA:228,0
DA:231,0
DA:234,0
DA:235,0
DA:239,0
DA:244,0
DA:245,0
DA:246,0
DA:247,0
DA:254,0
DA:266,0
DA:267,0
DA:269,0
DA:271,0
DA:284,0
DA:285,0
DA:288,0
DA:291,0
DA:296,0
DA:297,0
DA:301,0
DA:302,0
DA:306,0
DA:307,0
DA:308,0
DA:318,0
DA:341,0
DA:342,0
DA:344,0
DA:346,0
DA:347,0
DA:349,0
DA:350,0
DA:351,0
DA:352,0
DA:354,0
DA:357,0
DA:364,0
LF:104
LH:0
BRDA:39,0,0,0
BRDA:39,0,1,0
BRDA:72,1,0,0
BRDA:72,1,1,0
BRDA:83,2,0,0
BRDA:86,3,0,0
BRDA:86,3,1,0
BRDA:97,4,0,0
BRDA:97,4,1,0
BRDA:97,5,0,0
BRDA:97,5,1,0
BRDA:99,6,0,0
BRDA:99,6,1,0
BRDA:139,7,0,0
BRDA:139,7,1,0
BRDA:172,8,0,0
BRDA:172,8,1,0
BRDA:180,9,0,0
BRDA:180,9,1,0
BRDA:213,10,0,0
BRDA:213,10,1,0
BRDA:227,11,0,0
BRDA:227,11,1,0
BRDA:234,12,0,0
BRDA:234,12,1,0
BRDA:244,13,0,0
BRDA:244,13,1,0
BRDA:246,14,0,0
BRDA:246,14,1,0
BRDA:284,15,0,0
BRDA:284,15,1,0
BRDA:296,16,0,0
BRDA:296,16,1,0
BRDA:306,17,0,0
BRDA:306,17,1,0
BRDA:350,18,0,0
BRDA:350,18,1,0
BRDA:29,19,0,0
BRDA:29,19,1,0
BRDA:29,20,0,0
BRDA:29,20,1,0
BRDA:29,21,0,0
BRDA:29,21,1,0
BRDA:29,22,0,0
BRDA:29,22,1,0
BRF:45
BRH:0
end_of_record
TN:
SF:src\modules\groups\dto\create-group.dto.ts
FNF:0
FNH:0
DA:1,0
DA:2,0
DA:8,0
DA:16,0
DA:25,0
DA:34,0
LF:6
LH:0
BRF:0
BRH:0
end_of_record
TN:
SF:src\modules\groups\dto\index.ts
FNF:0
FNH:0
DA:5,0
DA:6,0
DA:7,0
DA:8,0
LF:4
LH:0
BRF:0
BRH:0
end_of_record
TN:
SF:src\modules\groups\dto\set-group-actions.dto.ts
FNF:0
FNH:0
DA:1,0
DA:2,0
DA:8,0
DA:16,0
LF:4
LH:0
BRF:0
BRH:0
end_of_record
TN:
SF:src\modules\groups\dto\set-group-children.dto.ts
FNF:0
FNH:0
DA:1,0
DA:2,0
DA:8,0
DA:16,0
LF:4
LH:0
BRF:0
BRH:0
end_of_record
TN:
SF:src\modules\groups\dto\update-group.dto.ts
FNF:0
FNH:0
DA:1,0
DA:2,0
DA:8,0
LF:3
LH:0
BRF:0
BRH:0
end_of_record
TN:
SF:src\modules\users\users.controller.ts
FN:41,(anonymous_4)
FN:48,(anonymous_5)
FN:58,(anonymous_6)
FN:67,(anonymous_7)
FN:76,(anonymous_8)
FN:90,(anonymous_9)
FN:100,(anonymous_10)
FN:113,(anonymous_11)
FN:127,(anonymous_12)
FN:141,(anonymous_13)
FNF:10
FNH:0
FNDA:0,(anonymous_4)
FNDA:0,(anonymous_5)
FNDA:0,(anonymous_6)
FNDA:0,(anonymous_7)
FNDA:0,(anonymous_8)
FNDA:0,(anonymous_9)
FNDA:0,(anonymous_10)
FNDA:0,(anonymous_11)
FNDA:0,(anonymous_12)
FNDA:0,(anonymous_13)
DA:1,0
DA:14,0
DA:15,0
DA:38,0
DA:39,0
DA:41,0
DA:48,0
DA:49,0
DA:50,0
DA:58,0
DA:59,0
DA:67,0
DA:68,0
DA:76,0
DA:80,0
DA:81,0
DA:90,0
DA:91,0
DA:92,0
DA:100,0
DA:104,0
DA:105,0
DA:113,0
DA:117,0
DA:118,0
DA:127,0
DA:131,0
DA:132,0
DA:141,0
DA:142,0
DA:143,0
LF:31
LH:0
BRDA:48,0,0,0
BRDA:48,0,1,0
BRDA:48,1,0,0
BRDA:48,1,1,0
BRDA:78,2,0,0
BRDA:78,2,1,0
BRDA:78,3,0,0
BRDA:78,3,1,0
BRDA:102,4,0,0
BRDA:102,4,1,0
BRDA:102,5,0,0
BRDA:102,5,1,0
BRDA:115,6,0,0
BRDA:115,6,1,0
BRDA:115,7,0,0
BRDA:115,7,1,0
BRDA:129,8,0,0
BRDA:129,8,1,0
BRDA:129,9,0,0
BRDA:129,9,1,0
BRDA:41,10,0,0
BRDA:41,10,1,0
BRDA:41,11,0,0
BRDA:41,11,1,0
BRF:24
BRH:0
end_of_record
TN:
SF:src\modules\users\users.module.ts
FNF:0
FNH:0
DA:1,0
DA:2,0
DA:3,0
DA:4,0
DA:5,0
DA:6,0
DA:7,0
DA:8,0
DA:25,0
LF:9
LH:0
BRF:0
BRH:0
end_of_record
TN:
SF:src\modules\users\users.service.ts
FN:32,(anonymous_4)
FN:46,(anonymous_5)
FN:74,(anonymous_6)
FN:95,(anonymous_7)
FN:111,(anonymous_8)
FN:121,(anonymous_9)
FN:131,(anonymous_10)
FN:172,(anonymous_11)
FN:181,(anonymous_12)
FN:205,(anonymous_13)
FN:212,(anonymous_14)
FN:213,(anonymous_15)
FN:230,(anonymous_16)
FN:245,(anonymous_17)
FN:267,(anonymous_18)
FN:286,(anonymous_19)
FN:299,(anonymous_20)
FN:359,(anonymous_21)
FNF:18
FNH:0
FNDA:0,(anonymous_4)
FNDA:0,(anonymous_5)
FNDA:0,(anonymous_6)
FNDA:0,(anonymous_7)
FNDA:0,(anonymous_8)
FNDA:0,(anonymous_9)
FNDA:0,(anonymous_10)
FNDA:0,(anonymous_11)
FNDA:0,(anonymous_12)
FNDA:0,(anonymous_13)
FNDA:0,(anonymous_14)
FNDA:0,(anonymous_15)
FNDA:0,(anonymous_16)
FNDA:0,(anonymous_17)
FNDA:0,(anonymous_18)
FNDA:0,(anonymous_19)
FNDA:0,(anonymous_20)
FNDA:0,(anonymous_21)
DA:1,0
DA:6,0
DA:7,0
DA:8,0
DA:9,0
DA:10,0
DA:11,0
DA:12,0
DA:27,0
DA:28,0
DA:34,0
DA:35,0
DA:36,0
DA:37,0
DA:39,0
DA:40,0
DA:48,0
DA:52,0
DA:53,0
DA:57,0
DA:59,0
DA:65,0
DA:66,0
DA:68,0
DA:75,0
DA:96,0
DA:101,0
DA:102,0
DA:105,0
DA:112,0
DA:122,0
DA:132,0
DA:135,0
DA:136,0
DA:137,0
DA:138,0
DA:143,0
DA:144,0
DA:145,0
DA:146,0
DA:151,0
DA:152,0
DA:156,0
DA:163,0
DA:164,0
DA:166,0
DA:173,0
DA:174,0
DA:175,0
DA:182,0
DA:185,0
DA:186,0
DA:187,0
DA:188,0
DA:189,0
DA:191,0
DA:194,0
DA:195,0
DA:197,0
DA:199,0
DA:206,0
DA:209,0
DA:211,0
DA:212,0
DA:213,0
DA:214,0
DA:219,0
DA:220,0
DA:222,0
DA:224,0
DA:231,0
DA:233,0
DA:234,0
DA:235,0
DA:237,0
DA:239,0
DA:246,0
DA:248,0
DA:249,0
DA:253,0
DA:254,0
DA:255,0
DA:256,0
DA:257,0
DA:260,0
DA:268,0
DA:270,0
DA:273,0
DA:274,0
DA:275,0
DA:280,0
DA:287,0
DA:289,0
DA:290,0
DA:291,0
DA:293,0
DA:300,0
DA:324,0
DA:325,0
DA:327,0
DA:329,0
DA:330,0
DA:331,0
DA:332,0
DA:333,0
DA:334,0
DA:336,0
DA:339,0
DA:346,0
DA:351,0
DA:352,0
DA:353,0
DA:360,0
DA:361,0
DA:362,0
DA:363,0
DA:365,0
DA:366,0
DA:369,0
DA:370,0
DA:375,0
DA:376,0
DA:379,0
DA:381,0
LF:124
LH:0
BRDA:52,0,0,0
BRDA:52,0,1,0
BRDA:62,1,0,0
BRDA:62,1,1,0
BRDA:101,2,0,0
BRDA:101,2,1,0
BRDA:135,3,0,0
BRDA:135,3,1,0
BRDA:135,4,0,0
BRDA:135,4,1,0
BRDA:137,5,0,0
BRDA:137,5,1,0
BRDA:143,6,0,0
BRDA:143,6,1,0
BRDA:143,7,0,0
BRDA:143,7,1,0
BRDA:145,8,0,0
BRDA:145,8,1,0
BRDA:151,9,0,0
BRDA:151,9,1,0
BRDA:157,10,0,0
BRDA:157,10,1,0
BRDA:158,11,0,0
BRDA:158,11,1,0
BRDA:159,12,0,0
BRDA:159,12,1,0
BRDA:160,13,0,0
BRDA:160,13,1,0
BRDA:188,14,0,0
BRDA:188,14,1,0
BRDA:211,15,0,0
BRDA:211,15,1,0
BRDA:248,16,0,0
BRDA:248,16,1,0
BRDA:253,17,0,0
BRDA:253,17,1,0
BRDA:270,18,0,0
BRDA:270,18,1,0
BRDA:273,19,0,0
BRDA:273,19,1,0
BRDA:332,20,0,0
BRDA:332,20,1,0
BRDA:365,21,0,0
BRDA:365,21,1,0
BRDA:369,22,0,0
BRDA:369,22,1,0
BRDA:375,23,0,0
BRDA:375,23,1,0
BRDA:34,24,0,0
BRDA:34,24,1,0
BRDA:34,25,0,0
BRDA:34,25,1,0
BRDA:34,26,0,0
BRDA:34,26,1,0
BRDA:34,27,0,0
BRDA:34,27,1,0
BRDA:35,28,0,0
BRDA:35,28,1,0
BRDA:35,29,0,0
BRDA:35,29,1,0
BRDA:36,30,0,0
BRDA:36,30,1,0
BRDA:36,31,0,0
BRDA:36,31,1,0
BRF:64
BRH:0
end_of_record
TN:
SF:src\modules\users\dto\create-user.dto.ts
FNF:0
FNH:0
DA:1,0
DA:2,0
DA:7,0
DA:16,0
DA:24,0
DA:34,0
DA:44,0
DA:54,0
LF:8
LH:0
BRF:0
BRH:0
end_of_record
TN:
SF:src\modules\users\dto\index.ts
FNF:0
FNH:0
DA:5,0
DA:6,0
DA:7,0
DA:8,0
DA:9,0
LF:5
LH:0
BRF:0
BRH:0
end_of_record
TN:
SF:src\modules\users\dto\reset-password.dto.ts
FNF:0
FNH:0
DA:1,0
DA:2,0
DA:7,0
DA:15,0
LF:4
LH:0
BRF:0
BRH:0
end_of_record
TN:
SF:src\modules\users\dto\set-user-actions.dto.ts
FNF:0
FNH:0
DA:1,0
DA:2,0
DA:7,0
DA:15,0
LF:4
LH:0
BRF:0
BRH:0
end_of_record
TN:
SF:src\modules\users\dto\set-user-groups.dto.ts
FNF:0
FNH:0
DA:1,0
DA:2,0
DA:7,0
DA:15,0
LF:4
LH:0
BRF:0
BRH:0
end_of_record
TN:
SF:src\modules\users\dto\update-user.dto.ts
FNF:0
FNH:0
DA:1,0
DA:2,0
DA:3,0
DA:4,0
DA:9,0
DA:16,0
LF:6
LH:0
BRF:0
BRH:0
end_of_record
